[INFO ] 14:01:54.751 [main] o.s.c.s.PostProcessorRegistrationDelegate$BeanPostProcessorChecker - Bean 'configurationPropertiesRebinderAutoConfiguration' of type [org.springframework.cloud.autoconfigure.ConfigurationPropertiesRebinderAutoConfiguration$$EnhancerBySpringCGLIB$$88025641] is not eligible for getting processed by all BeanPostProcessors (for example: not eligible for auto-proxying)
[INFO ] 14:02:04.895 [main] c.c.w.s.WorkerIdServerApplication - No active profile set, falling back to default profiles: default
[INFO ] 14:02:06.046 [main] o.s.cloud.context.scope.GenericScope - BeanFactory id=41cb23e2-bccf-35b2-8f9f-8db573f98c1c
[INFO ] 14:02:06.173 [main] o.s.c.s.PostProcessorRegistrationDelegate$BeanPostProcessorChecker - Bean 'org.springframework.transaction.annotation.ProxyTransactionManagementConfiguration' of type [org.springframework.transaction.annotation.ProxyTransactionManagementConfiguration$$EnhancerBySpringCGLIB$$6be85344] is not eligible for getting processed by all BeanPostProcessors (for example: not eligible for auto-proxying)
[INFO ] 14:02:06.301 [main] o.s.c.s.PostProcessorRegistrationDelegate$BeanPostProcessorChecker - Bean 'org.springframework.cloud.autoconfigure.ConfigurationPropertiesRebinderAutoConfiguration' of type [org.springframework.cloud.autoconfigure.ConfigurationPropertiesRebinderAutoConfiguration$$EnhancerBySpringCGLIB$$88025641] is not eligible for getting processed by all BeanPostProcessors (for example: not eligible for auto-proxying)
[INFO ] 14:02:06.675 [main] o.s.b.w.e.tomcat.TomcatWebServer - Tomcat initialized with port(s): 11112 (http)
[INFO ] 14:02:06.694 [main] o.a.coyote.http11.Http11NioProtocol - Initializing ProtocolHandler ["http-nio-11112"]
[INFO ] 14:02:06.702 [main] o.a.catalina.core.StandardService - Starting service [Tomcat]
[INFO ] 14:02:06.702 [main] o.a.catalina.core.StandardEngine - Starting Servlet Engine: Apache Tomcat/9.0.12
[INFO ] 14:02:06.711 [main] o.a.c.core.AprLifecycleListener - The APR based Apache Tomcat Native library which allows optimal performance in production environments was not found on the java.library.path: [/Users/admin/Library/Java/Extensions:/Library/Java/Extensions:/Network/Library/Java/Extensions:/System/Library/Java/Extensions:/usr/lib/java:.]
[INFO ] 14:02:06.975 [main] o.a.c.c.C.[Tomcat].[localhost].[/] - Initializing Spring embedded WebApplicationContext
[INFO ] 14:02:06.975 [main] o.s.web.context.ContextLoader - Root WebApplicationContext: initialization completed in 2061 ms
[INFO ] 14:02:07.037 [main] o.s.b.w.s.ServletRegistrationBean - Servlet dispatcherServlet mapped to [/]
[INFO ] 14:02:07.039 [main] o.s.b.w.s.ServletRegistrationBean - Servlet statViewServlet mapped to [/druid/*]
[INFO ] 14:02:07.044 [main] o.s.b.w.s.FilterRegistrationBean - Mapping filter: 'characterEncodingFilter' to: [/*]
[INFO ] 14:02:07.044 [main] o.s.b.w.s.FilterRegistrationBean - Mapping filter: 'hiddenHttpMethodFilter' to: [/*]
[INFO ] 14:02:07.044 [main] o.s.b.w.s.FilterRegistrationBean - Mapping filter: 'formContentFilter' to: [/*]
[INFO ] 14:02:07.044 [main] o.s.b.w.s.FilterRegistrationBean - Mapping filter: 'requestContextFilter' to: [/*]
[INFO ] 14:02:07.044 [main] o.s.b.w.s.FilterRegistrationBean - Mapping filter: 'webStatFilter' to urls: [/*]
[INFO ] 14:02:07.142 [main] c.a.d.s.b.a.DruidDataSourceAutoConfigure - Init DruidDataSource
[INFO ] 14:02:07.340 [main] c.alibaba.druid.pool.DruidDataSource - {dataSource-1} inited
[INFO ] 14:02:08.061 [main] s.d.s.w.PropertySourcedRequestMappingHandlerMapping - Mapped URL path [/v2/api-docs] onto method [public org.springframework.http.ResponseEntity<springfox.documentation.spring.web.json.Json> springfox.documentation.swagger2.web.Swagger2Controller.getDocumentation(java.lang.String,javax.servlet.http.HttpServletRequest)]
[WARN ] 14:02:08.078 [main] c.n.c.sources.URLConfigurationSource - No URLs will be polled as dynamic configuration sources.
[INFO ] 14:02:08.078 [main] c.n.c.sources.URLConfigurationSource - To enable URLs as dynamic configuration sources, define System property archaius.configurationSource.additionalUrls or make config.properties available on classpath.
[WARN ] 14:02:08.085 [main] c.n.c.sources.URLConfigurationSource - No URLs will be polled as dynamic configuration sources.
[INFO ] 14:02:08.085 [main] c.n.c.sources.URLConfigurationSource - To enable URLs as dynamic configuration sources, define System property archaius.configurationSource.additionalUrls or make config.properties available on classpath.
[INFO ] 14:02:08.316 [main] o.s.s.c.ThreadPoolTaskExecutor - Initializing ExecutorService 'applicationTaskExecutor'
[INFO ] 14:02:08.981 [main] o.s.c.n.eureka.InstanceInfoFactory - Setting initial instance status as: STARTING
[INFO ] 14:02:09.024 [main] c.netflix.discovery.DiscoveryClient - Initializing Eureka in region us-east-1
[INFO ] 14:02:09.269 [main] c.n.d.p.DiscoveryJerseyProvider - Using JSON encoding codec LegacyJacksonJson
[INFO ] 14:02:09.269 [main] c.n.d.p.DiscoveryJerseyProvider - Using JSON decoding codec LegacyJacksonJson
[INFO ] 14:02:09.415 [main] c.n.d.p.DiscoveryJerseyProvider - Using XML encoding codec XStreamXml
[INFO ] 14:02:09.415 [main] c.n.d.p.DiscoveryJerseyProvider - Using XML decoding codec XStreamXml
[INFO ] 14:02:09.663 [main] c.n.d.s.r.aws.ConfigClusterResolver - Resolving eureka endpoints via configuration
[INFO ] 14:02:09.685 [main] c.netflix.discovery.DiscoveryClient - Disable delta property : false
[INFO ] 14:02:09.685 [main] c.netflix.discovery.DiscoveryClient - Single vip registry refresh property : null
[INFO ] 14:02:09.685 [main] c.netflix.discovery.DiscoveryClient - Force full registry fetch : false
[INFO ] 14:02:09.685 [main] c.netflix.discovery.DiscoveryClient - Application is null : false
[INFO ] 14:02:09.685 [main] c.netflix.discovery.DiscoveryClient - Registered Applications size is zero : true
[INFO ] 14:02:09.685 [main] c.netflix.discovery.DiscoveryClient - Application version is -1: true
[INFO ] 14:02:09.685 [main] c.netflix.discovery.DiscoveryClient - Getting all instance registry info from the eureka server
[INFO ] 14:02:09.905 [main] c.netflix.discovery.DiscoveryClient - The response status is 200
[INFO ] 14:02:09.907 [main] c.netflix.discovery.DiscoveryClient - Starting heartbeat executor: renew interval is: 30
[INFO ] 14:02:09.910 [main] c.n.discovery.InstanceInfoReplicator - InstanceInfoReplicator onDemand update allowed rate per min is 4
[INFO ] 14:02:09.914 [main] c.netflix.discovery.DiscoveryClient - Discovery Client initialized at timestamp 1602223329913 with initial instances count: 1
[INFO ] 14:02:09.917 [main] o.s.c.n.e.s.EurekaServiceRegistry - Registering application workerid-server with eureka with status UP
[INFO ] 14:02:09.917 [main] c.netflix.discovery.DiscoveryClient - Saw local status change event StatusChangeEvent [timestamp=1602223329917, current=UP, previous=STARTING]
[INFO ] 14:02:09.919 [DiscoveryClient-InstanceInfoReplicator-0] c.netflix.discovery.DiscoveryClient - DiscoveryClient_WORKERID-SERVER/192.168.31.72:11112: registering service...
[INFO ] 14:02:09.923 [main] s.d.s.w.p.DocumentationPluginsBootstrapper - Context refreshed
[INFO ] 14:02:09.950 [main] s.d.s.w.p.DocumentationPluginsBootstrapper - Found 1 custom documentation plugin(s)
[INFO ] 14:02:09.968 [DiscoveryClient-InstanceInfoReplicator-0] c.netflix.discovery.DiscoveryClient - DiscoveryClient_WORKERID-SERVER/192.168.31.72:11112 - registration status: 204
[INFO ] 14:02:09.998 [main] s.d.s.w.s.ApiListingReferenceScanner - Scanning for api listing references
[INFO ] 14:02:10.194 [main] o.a.coyote.http11.Http11NioProtocol - Starting ProtocolHandler ["http-nio-11112"]
[INFO ] 14:02:10.215 [main] o.a.tomcat.util.net.NioSelectorPool - Using a shared selector for servlet write/read
[INFO ] 14:02:10.234 [main] o.s.b.w.e.tomcat.TomcatWebServer - Tomcat started on port(s): 11112 (http) with context path ''
[INFO ] 14:02:10.238 [main] c.c.w.s.WorkerIdServerApplication - Started WorkerIdServerApplication in 26.345 seconds (JVM running for 32.464)
[ERROR] 14:05:39.428 [http-nio-11112-exec-6] o.a.c.c.C.[.[.[/].[statViewServlet] - Servlet.service() for servlet [statViewServlet] in context with path [] threw exception
java.lang.NullPointerException: null
	at com.alibaba.druid.support.http.ResourceServlet.service(ResourceServlet.java:206)
	at javax.servlet.http.HttpServlet.service(HttpServlet.java:741)
	at org.apache.catalina.core.ApplicationFilterChain.internalDoFilter(ApplicationFilterChain.java:231)
	at org.apache.catalina.core.ApplicationFilterChain.doFilter(ApplicationFilterChain.java:166)
	at org.apache.tomcat.websocket.server.WsFilter.doFilter(WsFilter.java:53)
	at org.apache.catalina.core.ApplicationFilterChain.internalDoFilter(ApplicationFilterChain.java:193)
	at org.apache.catalina.core.ApplicationFilterChain.doFilter(ApplicationFilterChain.java:166)
	at com.alibaba.druid.support.http.WebStatFilter.doFilter(WebStatFilter.java:83)
	at org.apache.catalina.core.ApplicationFilterChain.internalDoFilter(ApplicationFilterChain.java:193)
	at org.apache.catalina.core.ApplicationFilterChain.doFilter(ApplicationFilterChain.java:166)
	at org.springframework.web.filter.RequestContextFilter.doFilterInternal(RequestContextFilter.java:99)
	at org.springframework.web.filter.OncePerRequestFilter.doFilter(OncePerRequestFilter.java:107)
	at org.apache.catalina.core.ApplicationFilterChain.internalDoFilter(ApplicationFilterChain.java:193)
	at org.apache.catalina.core.ApplicationFilterChain.doFilter(ApplicationFilterChain.java:166)
	at org.springframework.web.filter.FormContentFilter.doFilterInternal(FormContentFilter.java:92)
	at org.springframework.web.filter.OncePerRequestFilter.doFilter(OncePerRequestFilter.java:107)
	at org.apache.catalina.core.ApplicationFilterChain.internalDoFilter(ApplicationFilterChain.java:193)
	at org.apache.catalina.core.ApplicationFilterChain.doFilter(ApplicationFilterChain.java:166)
	at org.springframework.web.filter.HiddenHttpMethodFilter.doFilterInternal(HiddenHttpMethodFilter.java:93)
	at org.springframework.web.filter.OncePerRequestFilter.doFilter(OncePerRequestFilter.java:107)
	at org.apache.catalina.core.ApplicationFilterChain.internalDoFilter(ApplicationFilterChain.java:193)
	at org.apache.catalina.core.ApplicationFilterChain.doFilter(ApplicationFilterChain.java:166)
	at org.springframework.web.filter.CharacterEncodingFilter.doFilterInternal(CharacterEncodingFilter.java:200)
	at org.springframework.web.filter.OncePerRequestFilter.doFilter(OncePerRequestFilter.java:107)
	at org.apache.catalina.core.ApplicationFilterChain.internalDoFilter(ApplicationFilterChain.java:193)
	at org.apache.catalina.core.ApplicationFilterChain.doFilter(ApplicationFilterChain.java:166)
	at org.apache.catalina.core.StandardWrapperValve.invoke(StandardWrapperValve.java:199)
	at org.apache.catalina.core.StandardContextValve.invoke(StandardContextValve.java:96)
	at org.apache.catalina.authenticator.AuthenticatorBase.invoke(AuthenticatorBase.java:490)
	at org.apache.catalina.core.StandardHostValve.invoke(StandardHostValve.java:139)
	at org.apache.catalina.valves.ErrorReportValve.invoke(ErrorReportValve.java:92)
	at org.apache.catalina.core.StandardEngineValve.invoke(StandardEngineValve.java:74)
	at org.apache.catalina.connector.CoyoteAdapter.service(CoyoteAdapter.java:343)
	at org.apache.coyote.http11.Http11Processor.service(Http11Processor.java:408)
	at org.apache.coyote.AbstractProcessorLight.process(AbstractProcessorLight.java:66)
	at org.apache.coyote.AbstractProtocol$ConnectionHandler.process(AbstractProtocol.java:770)
	at org.apache.tomcat.util.net.NioEndpoint$SocketProcessor.doRun(NioEndpoint.java:1415)
	at org.apache.tomcat.util.net.SocketProcessorBase.run(SocketProcessorBase.java:49)
	at java.util.concurrent.ThreadPoolExecutor.runWorker(ThreadPoolExecutor.java:1149)
	at java.util.concurrent.ThreadPoolExecutor$Worker.run(ThreadPoolExecutor.java:624)
	at org.apache.tomcat.util.threads.TaskThread$WrappingRunnable.run(TaskThread.java:61)
	at java.lang.Thread.run(Thread.java:748)
[INFO ] 14:05:39.435 [http-nio-11112-exec-6] o.a.c.c.C.[Tomcat].[localhost].[/] - Initializing Spring DispatcherServlet 'dispatcherServlet'
[INFO ] 14:05:39.436 [http-nio-11112-exec-6] o.s.web.servlet.DispatcherServlet - Initializing Servlet 'dispatcherServlet'
[INFO ] 14:05:39.449 [http-nio-11112-exec-6] o.s.web.servlet.DispatcherServlet - Completed initialization in 13 ms
[ERROR] 14:05:57.038 [http-nio-11112-exec-7] o.a.c.c.C.[.[.[/].[statViewServlet] - Servlet.service() for servlet [statViewServlet] in context with path [] threw exception
java.lang.NullPointerException: null
	at com.alibaba.druid.support.http.ResourceServlet.service(ResourceServlet.java:206)
	at javax.servlet.http.HttpServlet.service(HttpServlet.java:741)
	at org.apache.catalina.core.ApplicationFilterChain.internalDoFilter(ApplicationFilterChain.java:231)
	at org.apache.catalina.core.ApplicationFilterChain.doFilter(ApplicationFilterChain.java:166)
	at org.apache.tomcat.websocket.server.WsFilter.doFilter(WsFilter.java:53)
	at org.apache.catalina.core.ApplicationFilterChain.internalDoFilter(ApplicationFilterChain.java:193)
	at org.apache.catalina.core.ApplicationFilterChain.doFilter(ApplicationFilterChain.java:166)
	at com.alibaba.druid.support.http.WebStatFilter.doFilter(WebStatFilter.java:83)
	at org.apache.catalina.core.ApplicationFilterChain.internalDoFilter(ApplicationFilterChain.java:193)
	at org.apache.catalina.core.ApplicationFilterChain.doFilter(ApplicationFilterChain.java:166)
	at org.springframework.web.filter.RequestContextFilter.doFilterInternal(RequestContextFilter.java:99)
	at org.springframework.web.filter.OncePerRequestFilter.doFilter(OncePerRequestFilter.java:107)
	at org.apache.catalina.core.ApplicationFilterChain.internalDoFilter(ApplicationFilterChain.java:193)
	at org.apache.catalina.core.ApplicationFilterChain.doFilter(ApplicationFilterChain.java:166)
	at org.springframework.web.filter.FormContentFilter.doFilterInternal(FormContentFilter.java:92)
	at org.springframework.web.filter.OncePerRequestFilter.doFilter(OncePerRequestFilter.java:107)
	at org.apache.catalina.core.ApplicationFilterChain.internalDoFilter(ApplicationFilterChain.java:193)
	at org.apache.catalina.core.ApplicationFilterChain.doFilter(ApplicationFilterChain.java:166)
	at org.springframework.web.filter.HiddenHttpMethodFilter.doFilterInternal(HiddenHttpMethodFilter.java:93)
	at org.springframework.web.filter.OncePerRequestFilter.doFilter(OncePerRequestFilter.java:107)
	at org.apache.catalina.core.ApplicationFilterChain.internalDoFilter(ApplicationFilterChain.java:193)
	at org.apache.catalina.core.ApplicationFilterChain.doFilter(ApplicationFilterChain.java:166)
	at org.springframework.web.filter.CharacterEncodingFilter.doFilterInternal(CharacterEncodingFilter.java:200)
	at org.springframework.web.filter.OncePerRequestFilter.doFilter(OncePerRequestFilter.java:107)
	at org.apache.catalina.core.ApplicationFilterChain.internalDoFilter(ApplicationFilterChain.java:193)
	at org.apache.catalina.core.ApplicationFilterChain.doFilter(ApplicationFilterChain.java:166)
	at org.apache.catalina.core.StandardWrapperValve.invoke(StandardWrapperValve.java:199)
	at org.apache.catalina.core.StandardContextValve.invoke(StandardContextValve.java:96)
	at org.apache.catalina.authenticator.AuthenticatorBase.invoke(AuthenticatorBase.java:490)
	at org.apache.catalina.core.StandardHostValve.invoke(StandardHostValve.java:139)
	at org.apache.catalina.valves.ErrorReportValve.invoke(ErrorReportValve.java:92)
	at org.apache.catalina.core.StandardEngineValve.invoke(StandardEngineValve.java:74)
	at org.apache.catalina.connector.CoyoteAdapter.service(CoyoteAdapter.java:343)
	at org.apache.coyote.http11.Http11Processor.service(Http11Processor.java:408)
	at org.apache.coyote.AbstractProcessorLight.process(AbstractProcessorLight.java:66)
	at org.apache.coyote.AbstractProtocol$ConnectionHandler.process(AbstractProtocol.java:770)
	at org.apache.tomcat.util.net.NioEndpoint$SocketProcessor.doRun(NioEndpoint.java:1415)
	at org.apache.tomcat.util.net.SocketProcessorBase.run(SocketProcessorBase.java:49)
	at java.util.concurrent.ThreadPoolExecutor.runWorker(ThreadPoolExecutor.java:1149)
	at java.util.concurrent.ThreadPoolExecutor$Worker.run(ThreadPoolExecutor.java:624)
	at org.apache.tomcat.util.threads.TaskThread$WrappingRunnable.run(TaskThread.java:61)
	at java.lang.Thread.run(Thread.java:748)
[ERROR] 14:06:00.467 [http-nio-11112-exec-8] o.a.c.c.C.[.[.[/].[statViewServlet] - Servlet.service() for servlet [statViewServlet] in context with path [] threw exception
java.lang.NullPointerException: null
	at com.alibaba.druid.support.http.ResourceServlet.service(ResourceServlet.java:206)
	at javax.servlet.http.HttpServlet.service(HttpServlet.java:741)
	at org.apache.catalina.core.ApplicationFilterChain.internalDoFilter(ApplicationFilterChain.java:231)
	at org.apache.catalina.core.ApplicationFilterChain.doFilter(ApplicationFilterChain.java:166)
	at org.apache.tomcat.websocket.server.WsFilter.doFilter(WsFilter.java:53)
	at org.apache.catalina.core.ApplicationFilterChain.internalDoFilter(ApplicationFilterChain.java:193)
	at org.apache.catalina.core.ApplicationFilterChain.doFilter(ApplicationFilterChain.java:166)
	at com.alibaba.druid.support.http.WebStatFilter.doFilter(WebStatFilter.java:83)
	at org.apache.catalina.core.ApplicationFilterChain.internalDoFilter(ApplicationFilterChain.java:193)
	at org.apache.catalina.core.ApplicationFilterChain.doFilter(ApplicationFilterChain.java:166)
	at org.springframework.web.filter.RequestContextFilter.doFilterInternal(RequestContextFilter.java:99)
	at org.springframework.web.filter.OncePerRequestFilter.doFilter(OncePerRequestFilter.java:107)
	at org.apache.catalina.core.ApplicationFilterChain.internalDoFilter(ApplicationFilterChain.java:193)
	at org.apache.catalina.core.ApplicationFilterChain.doFilter(ApplicationFilterChain.java:166)
	at org.springframework.web.filter.FormContentFilter.doFilterInternal(FormContentFilter.java:92)
	at org.springframework.web.filter.OncePerRequestFilter.doFilter(OncePerRequestFilter.java:107)
	at org.apache.catalina.core.ApplicationFilterChain.internalDoFilter(ApplicationFilterChain.java:193)
	at org.apache.catalina.core.ApplicationFilterChain.doFilter(ApplicationFilterChain.java:166)
	at org.springframework.web.filter.HiddenHttpMethodFilter.doFilterInternal(HiddenHttpMethodFilter.java:93)
	at org.springframework.web.filter.OncePerRequestFilter.doFilter(OncePerRequestFilter.java:107)
	at org.apache.catalina.core.ApplicationFilterChain.internalDoFilter(ApplicationFilterChain.java:193)
	at org.apache.catalina.core.ApplicationFilterChain.doFilter(ApplicationFilterChain.java:166)
	at org.springframework.web.filter.CharacterEncodingFilter.doFilterInternal(CharacterEncodingFilter.java:200)
	at org.springframework.web.filter.OncePerRequestFilter.doFilter(OncePerRequestFilter.java:107)
	at org.apache.catalina.core.ApplicationFilterChain.internalDoFilter(ApplicationFilterChain.java:193)
	at org.apache.catalina.core.ApplicationFilterChain.doFilter(ApplicationFilterChain.java:166)
	at org.apache.catalina.core.StandardWrapperValve.invoke(StandardWrapperValve.java:199)
	at org.apache.catalina.core.StandardContextValve.invoke(StandardContextValve.java:96)
	at org.apache.catalina.authenticator.AuthenticatorBase.invoke(AuthenticatorBase.java:490)
	at org.apache.catalina.core.StandardHostValve.invoke(StandardHostValve.java:139)
	at org.apache.catalina.valves.ErrorReportValve.invoke(ErrorReportValve.java:92)
	at org.apache.catalina.core.StandardEngineValve.invoke(StandardEngineValve.java:74)
	at org.apache.catalina.connector.CoyoteAdapter.service(CoyoteAdapter.java:343)
	at org.apache.coyote.http11.Http11Processor.service(Http11Processor.java:408)
	at org.apache.coyote.AbstractProcessorLight.process(AbstractProcessorLight.java:66)
	at org.apache.coyote.AbstractProtocol$ConnectionHandler.process(AbstractProtocol.java:770)
	at org.apache.tomcat.util.net.NioEndpoint$SocketProcessor.doRun(NioEndpoint.java:1415)
	at org.apache.tomcat.util.net.SocketProcessorBase.run(SocketProcessorBase.java:49)
	at java.util.concurrent.ThreadPoolExecutor.runWorker(ThreadPoolExecutor.java:1149)
	at java.util.concurrent.ThreadPoolExecutor$Worker.run(ThreadPoolExecutor.java:624)
	at org.apache.tomcat.util.threads.TaskThread$WrappingRunnable.run(TaskThread.java:61)
	at java.lang.Thread.run(Thread.java:748)
[INFO ] 14:07:09.680 [AsyncResolver-bootstrap-executor-0] c.n.d.s.r.aws.ConfigClusterResolver - Resolving eureka endpoints via configuration
[ERROR] 14:07:56.722 [http-nio-11112-exec-9] o.a.c.c.C.[.[.[/].[statViewServlet] - Servlet.service() for servlet [statViewServlet] in context with path [] threw exception
java.lang.NullPointerException: null
	at com.alibaba.druid.support.http.ResourceServlet.service(ResourceServlet.java:206)
	at javax.servlet.http.HttpServlet.service(HttpServlet.java:741)
	at org.apache.catalina.core.ApplicationFilterChain.internalDoFilter(ApplicationFilterChain.java:231)
	at org.apache.catalina.core.ApplicationFilterChain.doFilter(ApplicationFilterChain.java:166)
	at org.apache.tomcat.websocket.server.WsFilter.doFilter(WsFilter.java:53)
	at org.apache.catalina.core.ApplicationFilterChain.internalDoFilter(ApplicationFilterChain.java:193)
	at org.apache.catalina.core.ApplicationFilterChain.doFilter(ApplicationFilterChain.java:166)
	at com.alibaba.druid.support.http.WebStatFilter.doFilter(WebStatFilter.java:83)
	at org.apache.catalina.core.ApplicationFilterChain.internalDoFilter(ApplicationFilterChain.java:193)
	at org.apache.catalina.core.ApplicationFilterChain.doFilter(ApplicationFilterChain.java:166)
	at org.springframework.web.filter.RequestContextFilter.doFilterInternal(RequestContextFilter.java:99)
	at org.springframework.web.filter.OncePerRequestFilter.doFilter(OncePerRequestFilter.java:107)
	at org.apache.catalina.core.ApplicationFilterChain.internalDoFilter(ApplicationFilterChain.java:193)
	at org.apache.catalina.core.ApplicationFilterChain.doFilter(ApplicationFilterChain.java:166)
	at org.springframework.web.filter.FormContentFilter.doFilterInternal(FormContentFilter.java:92)
	at org.springframework.web.filter.OncePerRequestFilter.doFilter(OncePerRequestFilter.java:107)
	at org.apache.catalina.core.ApplicationFilterChain.internalDoFilter(ApplicationFilterChain.java:193)
	at org.apache.catalina.core.ApplicationFilterChain.doFilter(ApplicationFilterChain.java:166)
	at org.springframework.web.filter.HiddenHttpMethodFilter.doFilterInternal(HiddenHttpMethodFilter.java:93)
	at org.springframework.web.filter.OncePerRequestFilter.doFilter(OncePerRequestFilter.java:107)
	at org.apache.catalina.core.ApplicationFilterChain.internalDoFilter(ApplicationFilterChain.java:193)
	at org.apache.catalina.core.ApplicationFilterChain.doFilter(ApplicationFilterChain.java:166)
	at org.springframework.web.filter.CharacterEncodingFilter.doFilterInternal(CharacterEncodingFilter.java:200)
	at org.springframework.web.filter.OncePerRequestFilter.doFilter(OncePerRequestFilter.java:107)
	at org.apache.catalina.core.ApplicationFilterChain.internalDoFilter(ApplicationFilterChain.java:193)
	at org.apache.catalina.core.ApplicationFilterChain.doFilter(ApplicationFilterChain.java:166)
	at org.apache.catalina.core.StandardWrapperValve.invoke(StandardWrapperValve.java:199)
	at org.apache.catalina.core.StandardContextValve.invoke(StandardContextValve.java:96)
	at org.apache.catalina.authenticator.AuthenticatorBase.invoke(AuthenticatorBase.java:490)
	at org.apache.catalina.core.StandardHostValve.invoke(StandardHostValve.java:139)
	at org.apache.catalina.valves.ErrorReportValve.invoke(ErrorReportValve.java:92)
	at org.apache.catalina.core.StandardEngineValve.invoke(StandardEngineValve.java:74)
	at org.apache.catalina.connector.CoyoteAdapter.service(CoyoteAdapter.java:343)
	at org.apache.coyote.http11.Http11Processor.service(Http11Processor.java:408)
	at org.apache.coyote.AbstractProcessorLight.process(AbstractProcessorLight.java:66)
	at org.apache.coyote.AbstractProtocol$ConnectionHandler.process(AbstractProtocol.java:770)
	at org.apache.tomcat.util.net.NioEndpoint$SocketProcessor.doRun(NioEndpoint.java:1415)
	at org.apache.tomcat.util.net.SocketProcessorBase.run(SocketProcessorBase.java:49)
	at java.util.concurrent.ThreadPoolExecutor.runWorker(ThreadPoolExecutor.java:1149)
	at java.util.concurrent.ThreadPoolExecutor$Worker.run(ThreadPoolExecutor.java:624)
	at org.apache.tomcat.util.threads.TaskThread$WrappingRunnable.run(TaskThread.java:61)
	at java.lang.Thread.run(Thread.java:748)
[ERROR] 14:07:58.812 [http-nio-11112-exec-10] o.a.c.c.C.[.[.[/].[statViewServlet] - Servlet.service() for servlet [statViewServlet] in context with path [] threw exception
java.lang.NullPointerException: null
	at com.alibaba.druid.support.http.ResourceServlet.service(ResourceServlet.java:206)
	at javax.servlet.http.HttpServlet.service(HttpServlet.java:741)
	at org.apache.catalina.core.ApplicationFilterChain.internalDoFilter(ApplicationFilterChain.java:231)
	at org.apache.catalina.core.ApplicationFilterChain.doFilter(ApplicationFilterChain.java:166)
	at org.apache.tomcat.websocket.server.WsFilter.doFilter(WsFilter.java:53)
	at org.apache.catalina.core.ApplicationFilterChain.internalDoFilter(ApplicationFilterChain.java:193)
	at org.apache.catalina.core.ApplicationFilterChain.doFilter(ApplicationFilterChain.java:166)
	at com.alibaba.druid.support.http.WebStatFilter.doFilter(WebStatFilter.java:83)
	at org.apache.catalina.core.ApplicationFilterChain.internalDoFilter(ApplicationFilterChain.java:193)
	at org.apache.catalina.core.ApplicationFilterChain.doFilter(ApplicationFilterChain.java:166)
	at org.springframework.web.filter.RequestContextFilter.doFilterInternal(RequestContextFilter.java:99)
	at org.springframework.web.filter.OncePerRequestFilter.doFilter(OncePerRequestFilter.java:107)
	at org.apache.catalina.core.ApplicationFilterChain.internalDoFilter(ApplicationFilterChain.java:193)
	at org.apache.catalina.core.ApplicationFilterChain.doFilter(ApplicationFilterChain.java:166)
	at org.springframework.web.filter.FormContentFilter.doFilterInternal(FormContentFilter.java:92)
	at org.springframework.web.filter.OncePerRequestFilter.doFilter(OncePerRequestFilter.java:107)
	at org.apache.catalina.core.ApplicationFilterChain.internalDoFilter(ApplicationFilterChain.java:193)
	at org.apache.catalina.core.ApplicationFilterChain.doFilter(ApplicationFilterChain.java:166)
	at org.springframework.web.filter.HiddenHttpMethodFilter.doFilterInternal(HiddenHttpMethodFilter.java:93)
	at org.springframework.web.filter.OncePerRequestFilter.doFilter(OncePerRequestFilter.java:107)
	at org.apache.catalina.core.ApplicationFilterChain.internalDoFilter(ApplicationFilterChain.java:193)
	at org.apache.catalina.core.ApplicationFilterChain.doFilter(ApplicationFilterChain.java:166)
	at org.springframework.web.filter.CharacterEncodingFilter.doFilterInternal(CharacterEncodingFilter.java:200)
	at org.springframework.web.filter.OncePerRequestFilter.doFilter(OncePerRequestFilter.java:107)
	at org.apache.catalina.core.ApplicationFilterChain.internalDoFilter(ApplicationFilterChain.java:193)
	at org.apache.catalina.core.ApplicationFilterChain.doFilter(ApplicationFilterChain.java:166)
	at org.apache.catalina.core.StandardWrapperValve.invoke(StandardWrapperValve.java:199)
	at org.apache.catalina.core.StandardContextValve.invoke(StandardContextValve.java:96)
	at org.apache.catalina.authenticator.AuthenticatorBase.invoke(AuthenticatorBase.java:490)
	at org.apache.catalina.core.StandardHostValve.invoke(StandardHostValve.java:139)
	at org.apache.catalina.valves.ErrorReportValve.invoke(ErrorReportValve.java:92)
	at org.apache.catalina.core.StandardEngineValve.invoke(StandardEngineValve.java:74)
	at org.apache.catalina.connector.CoyoteAdapter.service(CoyoteAdapter.java:343)
	at org.apache.coyote.http11.Http11Processor.service(Http11Processor.java:408)
	at org.apache.coyote.AbstractProcessorLight.process(AbstractProcessorLight.java:66)
	at org.apache.coyote.AbstractProtocol$ConnectionHandler.process(AbstractProtocol.java:770)
	at org.apache.tomcat.util.net.NioEndpoint$SocketProcessor.doRun(NioEndpoint.java:1415)
	at org.apache.tomcat.util.net.SocketProcessorBase.run(SocketProcessorBase.java:49)
	at java.util.concurrent.ThreadPoolExecutor.runWorker(ThreadPoolExecutor.java:1149)
	at java.util.concurrent.ThreadPoolExecutor$Worker.run(ThreadPoolExecutor.java:624)
	at org.apache.tomcat.util.threads.TaskThread$WrappingRunnable.run(TaskThread.java:61)
	at java.lang.Thread.run(Thread.java:748)
[INFO ] 14:09:10.430 [Thread-59] o.s.c.n.e.s.EurekaServiceRegistry - Unregistering application workerid-server with eureka with status DOWN
[WARN ] 14:09:10.431 [Thread-59] c.netflix.discovery.DiscoveryClient - Saw local status change event StatusChangeEvent [timestamp=1602223750431, current=DOWN, previous=UP]
[INFO ] 14:09:10.432 [DiscoveryClient-InstanceInfoReplicator-0] c.netflix.discovery.DiscoveryClient - DiscoveryClient_WORKERID-SERVER/192.168.31.72:11112: registering service...
[INFO ] 14:09:10.433 [Thread-59] o.s.s.c.ThreadPoolTaskExecutor - Shutting down ExecutorService 'applicationTaskExecutor'
[INFO ] 14:09:10.438 [DiscoveryClient-InstanceInfoReplicator-0] c.netflix.discovery.DiscoveryClient - DiscoveryClient_WORKERID-SERVER/192.168.31.72:11112 - registration status: 204
[INFO ] 14:09:10.440 [Thread-59] c.alibaba.druid.pool.DruidDataSource - {dataSource-1} closed
[INFO ] 14:09:10.441 [Thread-59] c.netflix.discovery.DiscoveryClient - Shutting down DiscoveryClient ...
[WARN ] 14:09:10.445 [Thread-59] o.s.c.a.CommonAnnotationBeanPostProcessor - Destroy method on bean with name 'scopedTarget.eurekaClient' threw an exception: org.springframework.beans.factory.BeanCreationNotAllowedException: Error creating bean with name 'eurekaInstanceConfigBean': Singleton bean creation not allowed while singletons of this factory are in destruction (Do not request a bean from a BeanFactory in a destroy method implementation!)
[INFO ] 14:09:35.270 [main] o.s.c.s.PostProcessorRegistrationDelegate$BeanPostProcessorChecker - Bean 'configurationPropertiesRebinderAutoConfiguration' of type [org.springframework.cloud.autoconfigure.ConfigurationPropertiesRebinderAutoConfiguration$$EnhancerBySpringCGLIB$$443a41d2] is not eligible for getting processed by all BeanPostProcessors (for example: not eligible for auto-proxying)
[INFO ] 14:09:45.390 [main] c.c.w.s.WorkerIdServerApplication - No active profile set, falling back to default profiles: default
[INFO ] 14:09:46.395 [main] o.s.cloud.context.scope.GenericScope - BeanFactory id=41cb23e2-bccf-35b2-8f9f-8db573f98c1c
[INFO ] 14:09:46.520 [main] o.s.c.s.PostProcessorRegistrationDelegate$BeanPostProcessorChecker - Bean 'org.springframework.transaction.annotation.ProxyTransactionManagementConfiguration' of type [org.springframework.transaction.annotation.ProxyTransactionManagementConfiguration$$EnhancerBySpringCGLIB$$28203ed5] is not eligible for getting processed by all BeanPostProcessors (for example: not eligible for auto-proxying)
[INFO ] 14:09:46.620 [main] o.s.c.s.PostProcessorRegistrationDelegate$BeanPostProcessorChecker - Bean 'org.springframework.cloud.autoconfigure.ConfigurationPropertiesRebinderAutoConfiguration' of type [org.springframework.cloud.autoconfigure.ConfigurationPropertiesRebinderAutoConfiguration$$EnhancerBySpringCGLIB$$443a41d2] is not eligible for getting processed by all BeanPostProcessors (for example: not eligible for auto-proxying)
[INFO ] 14:09:46.946 [main] o.s.b.w.e.tomcat.TomcatWebServer - Tomcat initialized with port(s): 11112 (http)
[INFO ] 14:09:46.960 [main] o.a.coyote.http11.Http11NioProtocol - Initializing ProtocolHandler ["http-nio-11112"]
[INFO ] 14:09:46.967 [main] o.a.catalina.core.StandardService - Starting service [Tomcat]
[INFO ] 14:09:46.967 [main] o.a.catalina.core.StandardEngine - Starting Servlet Engine: Apache Tomcat/9.0.12
[INFO ] 14:09:46.979 [main] o.a.c.core.AprLifecycleListener - The APR based Apache Tomcat Native library which allows optimal performance in production environments was not found on the java.library.path: [/Users/admin/Library/Java/Extensions:/Library/Java/Extensions:/Network/Library/Java/Extensions:/System/Library/Java/Extensions:/usr/lib/java:.]
[INFO ] 14:09:47.231 [main] o.a.c.c.C.[Tomcat].[localhost].[/] - Initializing Spring embedded WebApplicationContext
[INFO ] 14:09:47.231 [main] o.s.web.context.ContextLoader - Root WebApplicationContext: initialization completed in 1823 ms
[INFO ] 14:09:47.286 [main] o.s.b.w.s.ServletRegistrationBean - Servlet dispatcherServlet mapped to [/]
[INFO ] 14:09:47.288 [main] o.s.b.w.s.ServletRegistrationBean - Servlet statViewServlet mapped to [/druid/*]
[INFO ] 14:09:47.292 [main] o.s.b.w.s.FilterRegistrationBean - Mapping filter: 'characterEncodingFilter' to: [/*]
[INFO ] 14:09:47.293 [main] o.s.b.w.s.FilterRegistrationBean - Mapping filter: 'hiddenHttpMethodFilter' to: [/*]
[INFO ] 14:09:47.293 [main] o.s.b.w.s.FilterRegistrationBean - Mapping filter: 'formContentFilter' to: [/*]
[INFO ] 14:09:47.293 [main] o.s.b.w.s.FilterRegistrationBean - Mapping filter: 'requestContextFilter' to: [/*]
[INFO ] 14:09:47.293 [main] o.s.b.w.s.FilterRegistrationBean - Mapping filter: 'webStatFilter' to urls: [/*]
[INFO ] 14:09:47.364 [main] c.a.d.s.b.a.DruidDataSourceAutoConfigure - Init DruidDataSource
[INFO ] 14:09:47.520 [main] c.alibaba.druid.pool.DruidDataSource - {dataSource-1} inited
[INFO ] 14:09:48.108 [main] s.d.s.w.PropertySourcedRequestMappingHandlerMapping - Mapped URL path [/v2/api-docs] onto method [public org.springframework.http.ResponseEntity<springfox.documentation.spring.web.json.Json> springfox.documentation.swagger2.web.Swagger2Controller.getDocumentation(java.lang.String,javax.servlet.http.HttpServletRequest)]
[WARN ] 14:09:48.123 [main] c.n.c.sources.URLConfigurationSource - No URLs will be polled as dynamic configuration sources.
[INFO ] 14:09:48.124 [main] c.n.c.sources.URLConfigurationSource - To enable URLs as dynamic configuration sources, define System property archaius.configurationSource.additionalUrls or make config.properties available on classpath.
[WARN ] 14:09:48.128 [main] c.n.c.sources.URLConfigurationSource - No URLs will be polled as dynamic configuration sources.
[INFO ] 14:09:48.128 [main] c.n.c.sources.URLConfigurationSource - To enable URLs as dynamic configuration sources, define System property archaius.configurationSource.additionalUrls or make config.properties available on classpath.
[INFO ] 14:09:48.326 [main] o.s.s.c.ThreadPoolTaskExecutor - Initializing ExecutorService 'applicationTaskExecutor'
[INFO ] 14:09:48.919 [main] o.s.c.n.eureka.InstanceInfoFactory - Setting initial instance status as: STARTING
[INFO ] 14:09:48.954 [main] c.netflix.discovery.DiscoveryClient - Initializing Eureka in region us-east-1
[INFO ] 14:09:49.164 [main] c.n.d.p.DiscoveryJerseyProvider - Using JSON encoding codec LegacyJacksonJson
[INFO ] 14:09:49.165 [main] c.n.d.p.DiscoveryJerseyProvider - Using JSON decoding codec LegacyJacksonJson
[INFO ] 14:09:49.293 [main] c.n.d.p.DiscoveryJerseyProvider - Using XML encoding codec XStreamXml
[INFO ] 14:09:49.293 [main] c.n.d.p.DiscoveryJerseyProvider - Using XML decoding codec XStreamXml
[INFO ] 14:09:49.517 [main] c.n.d.s.r.aws.ConfigClusterResolver - Resolving eureka endpoints via configuration
[INFO ] 14:09:49.537 [main] c.netflix.discovery.DiscoveryClient - Disable delta property : false
[INFO ] 14:09:49.537 [main] c.netflix.discovery.DiscoveryClient - Single vip registry refresh property : null
[INFO ] 14:09:49.537 [main] c.netflix.discovery.DiscoveryClient - Force full registry fetch : false
[INFO ] 14:09:49.537 [main] c.netflix.discovery.DiscoveryClient - Application is null : false
[INFO ] 14:09:49.537 [main] c.netflix.discovery.DiscoveryClient - Registered Applications size is zero : true
[INFO ] 14:09:49.537 [main] c.netflix.discovery.DiscoveryClient - Application version is -1: true
[INFO ] 14:09:49.537 [main] c.netflix.discovery.DiscoveryClient - Getting all instance registry info from the eureka server
[INFO ] 14:09:49.709 [main] c.netflix.discovery.DiscoveryClient - The response status is 200
[INFO ] 14:09:49.711 [main] c.netflix.discovery.DiscoveryClient - Starting heartbeat executor: renew interval is: 30
[INFO ] 14:09:49.713 [main] c.n.discovery.InstanceInfoReplicator - InstanceInfoReplicator onDemand update allowed rate per min is 4
[INFO ] 14:09:49.718 [main] c.netflix.discovery.DiscoveryClient - Discovery Client initialized at timestamp 1602223789716 with initial instances count: 1
[INFO ] 14:09:49.720 [main] o.s.c.n.e.s.EurekaServiceRegistry - Registering application workerid-server with eureka with status UP
[INFO ] 14:09:49.720 [main] c.netflix.discovery.DiscoveryClient - Saw local status change event StatusChangeEvent [timestamp=1602223789720, current=UP, previous=STARTING]
[INFO ] 14:09:49.722 [DiscoveryClient-InstanceInfoReplicator-0] c.netflix.discovery.DiscoveryClient - DiscoveryClient_WORKERID-SERVER/192.168.31.72:11112: registering service...
[INFO ] 14:09:49.728 [main] s.d.s.w.p.DocumentationPluginsBootstrapper - Context refreshed
[INFO ] 14:09:49.750 [main] s.d.s.w.p.DocumentationPluginsBootstrapper - Found 1 custom documentation plugin(s)
[INFO ] 14:09:49.766 [DiscoveryClient-InstanceInfoReplicator-0] c.netflix.discovery.DiscoveryClient - DiscoveryClient_WORKERID-SERVER/192.168.31.72:11112 - registration status: 204
[INFO ] 14:09:49.791 [main] s.d.s.w.s.ApiListingReferenceScanner - Scanning for api listing references
[INFO ] 14:09:49.980 [main] o.a.coyote.http11.Http11NioProtocol - Starting ProtocolHandler ["http-nio-11112"]
[INFO ] 14:09:50.005 [main] o.a.tomcat.util.net.NioSelectorPool - Using a shared selector for servlet write/read
[INFO ] 14:09:50.030 [main] o.s.b.w.e.tomcat.TomcatWebServer - Tomcat started on port(s): 11112 (http) with context path ''
[INFO ] 14:09:50.035 [main] c.c.w.s.WorkerIdServerApplication - Started WorkerIdServerApplication in 25.467 seconds (JVM running for 31.435)
[INFO ] 14:13:49.877 [Thread-57] o.s.c.n.e.s.EurekaServiceRegistry - Unregistering application workerid-server with eureka with status DOWN
[WARN ] 14:13:49.878 [Thread-57] c.netflix.discovery.DiscoveryClient - Saw local status change event StatusChangeEvent [timestamp=1602224029878, current=DOWN, previous=UP]
[INFO ] 14:13:49.878 [DiscoveryClient-InstanceInfoReplicator-0] c.netflix.discovery.DiscoveryClient - DiscoveryClient_WORKERID-SERVER/192.168.31.72:11112: registering service...
[INFO ] 14:13:49.880 [Thread-57] o.s.s.c.ThreadPoolTaskExecutor - Shutting down ExecutorService 'applicationTaskExecutor'
[INFO ] 14:13:49.883 [DiscoveryClient-InstanceInfoReplicator-0] c.netflix.discovery.DiscoveryClient - DiscoveryClient_WORKERID-SERVER/192.168.31.72:11112 - registration status: 204
[INFO ] 14:13:49.883 [Thread-57] c.alibaba.druid.pool.DruidDataSource - {dataSource-1} closed
[INFO ] 14:13:49.884 [Thread-57] c.netflix.discovery.DiscoveryClient - Shutting down DiscoveryClient ...
[WARN ] 14:13:49.887 [Thread-57] o.s.c.a.CommonAnnotationBeanPostProcessor - Destroy method on bean with name 'scopedTarget.eurekaClient' threw an exception: org.springframework.beans.factory.BeanCreationNotAllowedException: Error creating bean with name 'eurekaInstanceConfigBean': Singleton bean creation not allowed while singletons of this factory are in destruction (Do not request a bean from a BeanFactory in a destroy method implementation!)
[INFO ] 14:15:01.050 [main] o.s.c.s.PostProcessorRegistrationDelegate$BeanPostProcessorChecker - Bean 'configurationPropertiesRebinderAutoConfiguration' of type [org.springframework.cloud.autoconfigure.ConfigurationPropertiesRebinderAutoConfiguration$$EnhancerBySpringCGLIB$$b2678d82] is not eligible for getting processed by all BeanPostProcessors (for example: not eligible for auto-proxying)
[INFO ] 14:15:11.174 [main] c.c.w.s.WorkerIdServerApplication - No active profile set, falling back to default profiles: default
[INFO ] 14:15:12.157 [main] o.s.cloud.context.scope.GenericScope - BeanFactory id=41cb23e2-bccf-35b2-8f9f-8db573f98c1c
[INFO ] 14:15:12.266 [main] o.s.c.s.PostProcessorRegistrationDelegate$BeanPostProcessorChecker - Bean 'org.springframework.transaction.annotation.ProxyTransactionManagementConfiguration' of type [org.springframework.transaction.annotation.ProxyTransactionManagementConfiguration$$EnhancerBySpringCGLIB$$964d8a85] is not eligible for getting processed by all BeanPostProcessors (for example: not eligible for auto-proxying)
[INFO ] 14:15:12.370 [main] o.s.c.s.PostProcessorRegistrationDelegate$BeanPostProcessorChecker - Bean 'org.springframework.cloud.autoconfigure.ConfigurationPropertiesRebinderAutoConfiguration' of type [org.springframework.cloud.autoconfigure.ConfigurationPropertiesRebinderAutoConfiguration$$EnhancerBySpringCGLIB$$b2678d82] is not eligible for getting processed by all BeanPostProcessors (for example: not eligible for auto-proxying)
[INFO ] 14:15:12.681 [main] o.s.b.w.e.tomcat.TomcatWebServer - Tomcat initialized with port(s): 11112 (http)
[INFO ] 14:15:12.695 [main] o.a.coyote.http11.Http11NioProtocol - Initializing ProtocolHandler ["http-nio-11112"]
[INFO ] 14:15:12.701 [main] o.a.catalina.core.StandardService - Starting service [Tomcat]
[INFO ] 14:15:12.701 [main] o.a.catalina.core.StandardEngine - Starting Servlet Engine: Apache Tomcat/9.0.12
[INFO ] 14:15:12.708 [main] o.a.c.core.AprLifecycleListener - The APR based Apache Tomcat Native library which allows optimal performance in production environments was not found on the java.library.path: [/Users/admin/Library/Java/Extensions:/Library/Java/Extensions:/Network/Library/Java/Extensions:/System/Library/Java/Extensions:/usr/lib/java:.]
[INFO ] 14:15:12.943 [main] o.a.c.c.C.[Tomcat].[localhost].[/] - Initializing Spring embedded WebApplicationContext
[INFO ] 14:15:12.943 [main] o.s.web.context.ContextLoader - Root WebApplicationContext: initialization completed in 1751 ms
[INFO ] 14:15:12.994 [main] o.s.b.w.s.ServletRegistrationBean - Servlet dispatcherServlet mapped to [/]
[INFO ] 14:15:12.996 [main] o.s.b.w.s.ServletRegistrationBean - Servlet statViewServlet mapped to [/druid/*]
[INFO ] 14:15:13.000 [main] o.s.b.w.s.FilterRegistrationBean - Mapping filter: 'characterEncodingFilter' to: [/*]
[INFO ] 14:15:13.000 [main] o.s.b.w.s.FilterRegistrationBean - Mapping filter: 'hiddenHttpMethodFilter' to: [/*]
[INFO ] 14:15:13.000 [main] o.s.b.w.s.FilterRegistrationBean - Mapping filter: 'formContentFilter' to: [/*]
[INFO ] 14:15:13.000 [main] o.s.b.w.s.FilterRegistrationBean - Mapping filter: 'requestContextFilter' to: [/*]
[INFO ] 14:15:13.000 [main] o.s.b.w.s.FilterRegistrationBean - Mapping filter: 'webStatFilter' to urls: [/*]
[INFO ] 14:15:13.076 [main] c.a.d.s.b.a.DruidDataSourceAutoConfigure - Init DruidDataSource
[ERROR] 14:15:13.212 [main] c.a.d.pool.DruidAbstractDataSource - load exceptionSorter error : true
[INFO ] 14:15:13.471 [main] c.alibaba.druid.pool.DruidDataSource - {dataSource-1} inited
[INFO ] 14:15:14.104 [main] s.d.s.w.PropertySourcedRequestMappingHandlerMapping - Mapped URL path [/v2/api-docs] onto method [public org.springframework.http.ResponseEntity<springfox.documentation.spring.web.json.Json> springfox.documentation.swagger2.web.Swagger2Controller.getDocumentation(java.lang.String,javax.servlet.http.HttpServletRequest)]
[WARN ] 14:15:14.120 [main] c.n.c.sources.URLConfigurationSource - No URLs will be polled as dynamic configuration sources.
[INFO ] 14:15:14.120 [main] c.n.c.sources.URLConfigurationSource - To enable URLs as dynamic configuration sources, define System property archaius.configurationSource.additionalUrls or make config.properties available on classpath.
[WARN ] 14:15:14.124 [main] c.n.c.sources.URLConfigurationSource - No URLs will be polled as dynamic configuration sources.
[INFO ] 14:15:14.124 [main] c.n.c.sources.URLConfigurationSource - To enable URLs as dynamic configuration sources, define System property archaius.configurationSource.additionalUrls or make config.properties available on classpath.
[INFO ] 14:15:14.317 [main] o.s.s.c.ThreadPoolTaskExecutor - Initializing ExecutorService 'applicationTaskExecutor'
[INFO ] 14:15:14.936 [main] o.s.c.n.eureka.InstanceInfoFactory - Setting initial instance status as: STARTING
[INFO ] 14:15:14.970 [main] c.netflix.discovery.DiscoveryClient - Initializing Eureka in region us-east-1
[INFO ] 14:15:15.200 [main] c.n.d.p.DiscoveryJerseyProvider - Using JSON encoding codec LegacyJacksonJson
[INFO ] 14:15:15.200 [main] c.n.d.p.DiscoveryJerseyProvider - Using JSON decoding codec LegacyJacksonJson
[INFO ] 14:15:15.331 [main] c.n.d.p.DiscoveryJerseyProvider - Using XML encoding codec XStreamXml
[INFO ] 14:15:15.331 [main] c.n.d.p.DiscoveryJerseyProvider - Using XML decoding codec XStreamXml
[INFO ] 14:15:15.558 [main] c.n.d.s.r.aws.ConfigClusterResolver - Resolving eureka endpoints via configuration
[INFO ] 14:15:15.577 [main] c.netflix.discovery.DiscoveryClient - Disable delta property : false
[INFO ] 14:15:15.577 [main] c.netflix.discovery.DiscoveryClient - Single vip registry refresh property : null
[INFO ] 14:15:15.577 [main] c.netflix.discovery.DiscoveryClient - Force full registry fetch : false
[INFO ] 14:15:15.577 [main] c.netflix.discovery.DiscoveryClient - Application is null : false
[INFO ] 14:15:15.577 [main] c.netflix.discovery.DiscoveryClient - Registered Applications size is zero : true
[INFO ] 14:15:15.577 [main] c.netflix.discovery.DiscoveryClient - Application version is -1: true
[INFO ] 14:15:15.577 [main] c.netflix.discovery.DiscoveryClient - Getting all instance registry info from the eureka server
[INFO ] 14:15:15.745 [main] c.netflix.discovery.DiscoveryClient - The response status is 200
[INFO ] 14:15:15.747 [main] c.netflix.discovery.DiscoveryClient - Starting heartbeat executor: renew interval is: 30
[INFO ] 14:15:15.750 [main] c.n.discovery.InstanceInfoReplicator - InstanceInfoReplicator onDemand update allowed rate per min is 4
[INFO ] 14:15:15.754 [main] c.netflix.discovery.DiscoveryClient - Discovery Client initialized at timestamp 1602224115752 with initial instances count: 1
[INFO ] 14:15:15.757 [main] o.s.c.n.e.s.EurekaServiceRegistry - Registering application workerid-server with eureka with status UP
[INFO ] 14:15:15.757 [main] c.netflix.discovery.DiscoveryClient - Saw local status change event StatusChangeEvent [timestamp=1602224115757, current=UP, previous=STARTING]
[INFO ] 14:15:15.759 [DiscoveryClient-InstanceInfoReplicator-0] c.netflix.discovery.DiscoveryClient - DiscoveryClient_WORKERID-SERVER/192.168.31.72:11112: registering service...
[INFO ] 14:15:15.764 [main] s.d.s.w.p.DocumentationPluginsBootstrapper - Context refreshed
[INFO ] 14:15:15.788 [main] s.d.s.w.p.DocumentationPluginsBootstrapper - Found 1 custom documentation plugin(s)
[INFO ] 14:15:15.812 [DiscoveryClient-InstanceInfoReplicator-0] c.netflix.discovery.DiscoveryClient - DiscoveryClient_WORKERID-SERVER/192.168.31.72:11112 - registration status: 204
[INFO ] 14:15:15.847 [main] s.d.s.w.s.ApiListingReferenceScanner - Scanning for api listing references
[INFO ] 14:15:16.073 [main] o.a.coyote.http11.Http11NioProtocol - Starting ProtocolHandler ["http-nio-11112"]
[INFO ] 14:15:16.097 [main] o.a.tomcat.util.net.NioSelectorPool - Using a shared selector for servlet write/read
[INFO ] 14:15:16.124 [main] o.s.b.w.e.tomcat.TomcatWebServer - Tomcat started on port(s): 11112 (http) with context path ''
[INFO ] 14:15:16.130 [main] c.c.w.s.WorkerIdServerApplication - Started WorkerIdServerApplication in 25.746 seconds (JVM running for 31.591)
[INFO ] 14:19:01.536 [Thread-58] o.s.c.n.e.s.EurekaServiceRegistry - Unregistering application workerid-server with eureka with status DOWN
[WARN ] 14:19:01.536 [Thread-58] c.netflix.discovery.DiscoveryClient - Saw local status change event StatusChangeEvent [timestamp=1602224341536, current=DOWN, previous=UP]
[INFO ] 14:19:01.537 [DiscoveryClient-InstanceInfoReplicator-0] c.netflix.discovery.DiscoveryClient - DiscoveryClient_WORKERID-SERVER/192.168.31.72:11112: registering service...
[INFO ] 14:19:01.539 [Thread-58] o.s.s.c.ThreadPoolTaskExecutor - Shutting down ExecutorService 'applicationTaskExecutor'
[INFO ] 14:19:01.543 [DiscoveryClient-InstanceInfoReplicator-0] c.netflix.discovery.DiscoveryClient - DiscoveryClient_WORKERID-SERVER/192.168.31.72:11112 - registration status: 204
[INFO ] 14:19:01.548 [Thread-58] c.alibaba.druid.pool.DruidDataSource - {dataSource-1} closed
[INFO ] 14:19:01.549 [Thread-58] c.netflix.discovery.DiscoveryClient - Shutting down DiscoveryClient ...
[WARN ] 14:19:01.556 [Thread-58] o.s.c.a.CommonAnnotationBeanPostProcessor - Destroy method on bean with name 'scopedTarget.eurekaClient' threw an exception: org.springframework.beans.factory.BeanCreationNotAllowedException: Error creating bean with name 'eurekaInstanceConfigBean': Singleton bean creation not allowed while singletons of this factory are in destruction (Do not request a bean from a BeanFactory in a destroy method implementation!)
[INFO ] 14:21:39.416 [main] o.s.c.s.PostProcessorRegistrationDelegate$BeanPostProcessorChecker - Bean 'configurationPropertiesRebinderAutoConfiguration' of type [org.springframework.cloud.autoconfigure.ConfigurationPropertiesRebinderAutoConfiguration$$EnhancerBySpringCGLIB$$202a4822] is not eligible for getting processed by all BeanPostProcessors (for example: not eligible for auto-proxying)
[INFO ] 14:21:49.554 [main] c.c.w.s.WorkerIdServerApplication - No active profile set, falling back to default profiles: default
[INFO ] 14:21:50.634 [main] o.s.cloud.context.scope.GenericScope - BeanFactory id=41cb23e2-bccf-35b2-8f9f-8db573f98c1c
[INFO ] 14:21:50.755 [main] o.s.c.s.PostProcessorRegistrationDelegate$BeanPostProcessorChecker - Bean 'org.springframework.transaction.annotation.ProxyTransactionManagementConfiguration' of type [org.springframework.transaction.annotation.ProxyTransactionManagementConfiguration$$EnhancerBySpringCGLIB$$4104525] is not eligible for getting processed by all BeanPostProcessors (for example: not eligible for auto-proxying)
[INFO ] 14:21:50.857 [main] o.s.c.s.PostProcessorRegistrationDelegate$BeanPostProcessorChecker - Bean 'org.springframework.cloud.autoconfigure.ConfigurationPropertiesRebinderAutoConfiguration' of type [org.springframework.cloud.autoconfigure.ConfigurationPropertiesRebinderAutoConfiguration$$EnhancerBySpringCGLIB$$202a4822] is not eligible for getting processed by all BeanPostProcessors (for example: not eligible for auto-proxying)
[INFO ] 14:21:51.188 [main] o.s.b.w.e.tomcat.TomcatWebServer - Tomcat initialized with port(s): 11112 (http)
[INFO ] 14:21:51.203 [main] o.a.coyote.http11.Http11NioProtocol - Initializing ProtocolHandler ["http-nio-11112"]
[INFO ] 14:21:51.209 [main] o.a.catalina.core.StandardService - Starting service [Tomcat]
[INFO ] 14:21:51.210 [main] o.a.catalina.core.StandardEngine - Starting Servlet Engine: Apache Tomcat/9.0.12
[INFO ] 14:21:51.222 [main] o.a.c.core.AprLifecycleListener - The APR based Apache Tomcat Native library which allows optimal performance in production environments was not found on the java.library.path: [/Users/admin/Library/Java/Extensions:/Library/Java/Extensions:/Network/Library/Java/Extensions:/System/Library/Java/Extensions:/usr/lib/java:.]
[INFO ] 14:21:51.495 [main] o.a.c.c.C.[Tomcat].[localhost].[/] - Initializing Spring embedded WebApplicationContext
[INFO ] 14:21:51.496 [main] o.s.web.context.ContextLoader - Root WebApplicationContext: initialization completed in 1922 ms
[INFO ] 14:21:51.561 [main] o.s.b.w.s.ServletRegistrationBean - Servlet dispatcherServlet mapped to [/]
[INFO ] 14:21:51.563 [main] o.s.b.w.s.ServletRegistrationBean - Servlet statViewServlet mapped to [/druid/*]
[INFO ] 14:21:51.571 [main] o.s.b.w.s.FilterRegistrationBean - Mapping filter: 'characterEncodingFilter' to: [/*]
[INFO ] 14:21:51.572 [main] o.s.b.w.s.FilterRegistrationBean - Mapping filter: 'hiddenHttpMethodFilter' to: [/*]
[INFO ] 14:21:51.572 [main] o.s.b.w.s.FilterRegistrationBean - Mapping filter: 'formContentFilter' to: [/*]
[INFO ] 14:21:51.572 [main] o.s.b.w.s.FilterRegistrationBean - Mapping filter: 'requestContextFilter' to: [/*]
[INFO ] 14:21:51.572 [main] o.s.b.w.s.FilterRegistrationBean - Mapping filter: 'webStatFilter' to urls: [/*]
[INFO ] 14:21:51.652 [main] c.a.d.s.b.a.DruidDataSourceAutoConfigure - Init DruidDataSource
[ERROR] 14:21:51.809 [main] c.a.d.pool.DruidAbstractDataSource - load exceptionSorter error : true
[INFO ] 14:21:52.102 [main] c.alibaba.druid.pool.DruidDataSource - {dataSource-1} inited
[INFO ] 14:21:52.746 [main] s.d.s.w.PropertySourcedRequestMappingHandlerMapping - Mapped URL path [/v2/api-docs] onto method [public org.springframework.http.ResponseEntity<springfox.documentation.spring.web.json.Json> springfox.documentation.swagger2.web.Swagger2Controller.getDocumentation(java.lang.String,javax.servlet.http.HttpServletRequest)]
[WARN ] 14:21:52.763 [main] c.n.c.sources.URLConfigurationSource - No URLs will be polled as dynamic configuration sources.
[INFO ] 14:21:52.763 [main] c.n.c.sources.URLConfigurationSource - To enable URLs as dynamic configuration sources, define System property archaius.configurationSource.additionalUrls or make config.properties available on classpath.
[WARN ] 14:21:52.768 [main] c.n.c.sources.URLConfigurationSource - No URLs will be polled as dynamic configuration sources.
[INFO ] 14:21:52.768 [main] c.n.c.sources.URLConfigurationSource - To enable URLs as dynamic configuration sources, define System property archaius.configurationSource.additionalUrls or make config.properties available on classpath.
[INFO ] 14:21:52.960 [main] o.s.s.c.ThreadPoolTaskExecutor - Initializing ExecutorService 'applicationTaskExecutor'
[INFO ] 14:21:53.552 [main] o.s.c.n.eureka.InstanceInfoFactory - Setting initial instance status as: STARTING
[INFO ] 14:21:53.585 [main] c.netflix.discovery.DiscoveryClient - Initializing Eureka in region us-east-1
[INFO ] 14:21:53.801 [main] c.n.d.p.DiscoveryJerseyProvider - Using JSON encoding codec LegacyJacksonJson
[INFO ] 14:21:53.801 [main] c.n.d.p.DiscoveryJerseyProvider - Using JSON decoding codec LegacyJacksonJson
[INFO ] 14:21:53.930 [main] c.n.d.p.DiscoveryJerseyProvider - Using XML encoding codec XStreamXml
[INFO ] 14:21:53.930 [main] c.n.d.p.DiscoveryJerseyProvider - Using XML decoding codec XStreamXml
[INFO ] 14:21:54.157 [main] c.n.d.s.r.aws.ConfigClusterResolver - Resolving eureka endpoints via configuration
[INFO ] 14:21:54.178 [main] c.netflix.discovery.DiscoveryClient - Disable delta property : false
[INFO ] 14:21:54.178 [main] c.netflix.discovery.DiscoveryClient - Single vip registry refresh property : null
[INFO ] 14:21:54.178 [main] c.netflix.discovery.DiscoveryClient - Force full registry fetch : false
[INFO ] 14:21:54.178 [main] c.netflix.discovery.DiscoveryClient - Application is null : false
[INFO ] 14:21:54.178 [main] c.netflix.discovery.DiscoveryClient - Registered Applications size is zero : true
[INFO ] 14:21:54.178 [main] c.netflix.discovery.DiscoveryClient - Application version is -1: true
[INFO ] 14:21:54.178 [main] c.netflix.discovery.DiscoveryClient - Getting all instance registry info from the eureka server
[INFO ] 14:21:54.359 [main] c.netflix.discovery.DiscoveryClient - The response status is 200
[INFO ] 14:21:54.362 [main] c.netflix.discovery.DiscoveryClient - Starting heartbeat executor: renew interval is: 30
[INFO ] 14:21:54.364 [main] c.n.discovery.InstanceInfoReplicator - InstanceInfoReplicator onDemand update allowed rate per min is 4
[INFO ] 14:21:54.371 [main] c.netflix.discovery.DiscoveryClient - Discovery Client initialized at timestamp 1602224514368 with initial instances count: 1
[INFO ] 14:21:54.375 [main] o.s.c.n.e.s.EurekaServiceRegistry - Registering application workerid-server with eureka with status UP
[INFO ] 14:21:54.375 [main] c.netflix.discovery.DiscoveryClient - Saw local status change event StatusChangeEvent [timestamp=1602224514375, current=UP, previous=STARTING]
[INFO ] 14:21:54.377 [DiscoveryClient-InstanceInfoReplicator-0] c.netflix.discovery.DiscoveryClient - DiscoveryClient_WORKERID-SERVER/192.168.31.72:11112: registering service...
[INFO ] 14:21:54.382 [main] s.d.s.w.p.DocumentationPluginsBootstrapper - Context refreshed
[INFO ] 14:21:54.414 [main] s.d.s.w.p.DocumentationPluginsBootstrapper - Found 1 custom documentation plugin(s)
[INFO ] 14:21:54.438 [DiscoveryClient-InstanceInfoReplicator-0] c.netflix.discovery.DiscoveryClient - DiscoveryClient_WORKERID-SERVER/192.168.31.72:11112 - registration status: 204
[INFO ] 14:21:54.471 [main] s.d.s.w.s.ApiListingReferenceScanner - Scanning for api listing references
[INFO ] 14:21:54.738 [main] o.a.coyote.http11.Http11NioProtocol - Starting ProtocolHandler ["http-nio-11112"]
[INFO ] 14:21:54.766 [main] o.a.tomcat.util.net.NioSelectorPool - Using a shared selector for servlet write/read
[INFO ] 14:21:54.787 [main] o.s.b.w.e.tomcat.TomcatWebServer - Tomcat started on port(s): 11112 (http) with context path ''
[INFO ] 14:21:54.790 [main] c.c.w.s.WorkerIdServerApplication - Started WorkerIdServerApplication in 26.05 seconds (JVM running for 31.946)
[INFO ] 14:22:44.635 [Thread-58] o.s.c.n.e.s.EurekaServiceRegistry - Unregistering application workerid-server with eureka with status DOWN
[WARN ] 14:22:44.635 [Thread-58] c.netflix.discovery.DiscoveryClient - Saw local status change event StatusChangeEvent [timestamp=1602224564635, current=DOWN, previous=UP]
[INFO ] 14:22:44.635 [DiscoveryClient-InstanceInfoReplicator-0] c.netflix.discovery.DiscoveryClient - DiscoveryClient_WORKERID-SERVER/192.168.31.72:11112: registering service...
[INFO ] 14:22:44.638 [Thread-58] o.s.s.c.ThreadPoolTaskExecutor - Shutting down ExecutorService 'applicationTaskExecutor'
[INFO ] 14:22:44.643 [DiscoveryClient-InstanceInfoReplicator-0] c.netflix.discovery.DiscoveryClient - DiscoveryClient_WORKERID-SERVER/192.168.31.72:11112 - registration status: 204
[INFO ] 14:22:44.648 [Thread-58] c.alibaba.druid.pool.DruidDataSource - {dataSource-1} closed
[INFO ] 14:22:44.649 [Thread-58] c.netflix.discovery.DiscoveryClient - Shutting down DiscoveryClient ...
[WARN ] 14:22:44.654 [Thread-58] o.s.c.a.CommonAnnotationBeanPostProcessor - Destroy method on bean with name 'scopedTarget.eurekaClient' threw an exception: org.springframework.beans.factory.BeanCreationNotAllowedException: Error creating bean with name 'eurekaInstanceConfigBean': Singleton bean creation not allowed while singletons of this factory are in destruction (Do not request a bean from a BeanFactory in a destroy method implementation!)
[INFO ] 14:41:09.867 [main] o.s.c.s.PostProcessorRegistrationDelegate$BeanPostProcessorChecker - Bean 'configurationPropertiesRebinderAutoConfiguration' of type [org.springframework.cloud.autoconfigure.ConfigurationPropertiesRebinderAutoConfiguration$$EnhancerBySpringCGLIB$$aae1077] is not eligible for getting processed by all BeanPostProcessors (for example: not eligible for auto-proxying)
[INFO ] 14:41:20.007 [main] c.c.w.s.WorkerIdServerApplication - No active profile set, falling back to default profiles: default
[INFO ] 14:41:21.133 [main] o.s.cloud.context.scope.GenericScope - BeanFactory id=41cb23e2-bccf-35b2-8f9f-8db573f98c1c
[INFO ] 14:41:21.261 [main] o.s.c.s.PostProcessorRegistrationDelegate$BeanPostProcessorChecker - Bean 'org.springframework.transaction.annotation.ProxyTransactionManagementConfiguration' of type [org.springframework.transaction.annotation.ProxyTransactionManagementConfiguration$$EnhancerBySpringCGLIB$$ee940d7a] is not eligible for getting processed by all BeanPostProcessors (for example: not eligible for auto-proxying)
[INFO ] 14:41:21.402 [main] o.s.c.s.PostProcessorRegistrationDelegate$BeanPostProcessorChecker - Bean 'org.springframework.cloud.autoconfigure.ConfigurationPropertiesRebinderAutoConfiguration' of type [org.springframework.cloud.autoconfigure.ConfigurationPropertiesRebinderAutoConfiguration$$EnhancerBySpringCGLIB$$aae1077] is not eligible for getting processed by all BeanPostProcessors (for example: not eligible for auto-proxying)
[INFO ] 14:41:21.756 [main] o.s.b.w.e.tomcat.TomcatWebServer - Tomcat initialized with port(s): 11112 (http)
[INFO ] 14:41:21.774 [main] o.a.coyote.http11.Http11NioProtocol - Initializing ProtocolHandler ["http-nio-11112"]
[INFO ] 14:41:21.781 [main] o.a.catalina.core.StandardService - Starting service [Tomcat]
[INFO ] 14:41:21.781 [main] o.a.catalina.core.StandardEngine - Starting Servlet Engine: Apache Tomcat/9.0.12
[INFO ] 14:41:21.790 [main] o.a.c.core.AprLifecycleListener - The APR based Apache Tomcat Native library which allows optimal performance in production environments was not found on the java.library.path: [/Users/admin/Library/Java/Extensions:/Library/Java/Extensions:/Network/Library/Java/Extensions:/System/Library/Java/Extensions:/usr/lib/java:.]
[INFO ] 14:41:22.048 [main] o.a.c.c.C.[Tomcat].[localhost].[/] - Initializing Spring embedded WebApplicationContext
[INFO ] 14:41:22.048 [main] o.s.web.context.ContextLoader - Root WebApplicationContext: initialization completed in 2023 ms
[INFO ] 14:41:22.111 [main] o.s.b.w.s.ServletRegistrationBean - Servlet dispatcherServlet mapped to [/]
[INFO ] 14:41:22.112 [main] o.s.b.w.s.ServletRegistrationBean - Servlet statViewServlet mapped to [/druid/*]
[INFO ] 14:41:22.122 [main] o.s.b.w.s.FilterRegistrationBean - Mapping filter: 'characterEncodingFilter' to: [/*]
[INFO ] 14:41:22.122 [main] o.s.b.w.s.FilterRegistrationBean - Mapping filter: 'hiddenHttpMethodFilter' to: [/*]
[INFO ] 14:41:22.123 [main] o.s.b.w.s.FilterRegistrationBean - Mapping filter: 'formContentFilter' to: [/*]
[INFO ] 14:41:22.123 [main] o.s.b.w.s.FilterRegistrationBean - Mapping filter: 'requestContextFilter' to: [/*]
[INFO ] 14:41:22.123 [main] o.s.b.w.s.FilterRegistrationBean - Mapping filter: 'webStatFilter' to urls: [/*]
[INFO ] 14:41:22.210 [main] c.a.d.s.b.a.DruidDataSourceAutoConfigure - Init DruidDataSource
[WARN ] 14:41:22.333 [main] o.s.b.w.s.c.AnnotationConfigServletWebServerApplicationContext - Exception encountered during context initialization - cancelling refresh attempt: org.springframework.beans.factory.UnsatisfiedDependencyException: Error creating bean with name 'workerIdController': Unsatisfied dependency expressed through field 'workerIdService'; nested exception is org.springframework.beans.factory.UnsatisfiedDependencyException: Error creating bean with name 'workerIdService': Unsatisfied dependency expressed through field 'workerNodeMapper'; nested exception is org.springframework.beans.factory.UnsatisfiedDependencyException: Error creating bean with name 'workerNodeMapper' defined in file [/Users/admin/Documents/myprojects/unique-id-generator/workerid-server/target/classes/com/cfc/workerid/server/dao/WorkerNodeMapper.class]: Unsatisfied dependency expressed through bean property 'sqlSessionFactory'; nested exception is org.springframework.beans.factory.UnsatisfiedDependencyException: Error creating bean with name 'sqlSessionFactory' defined in class path resource [org/mybatis/spring/boot/autoconfigure/MybatisAutoConfiguration.class]: Unsatisfied dependency expressed through method 'sqlSessionFactory' parameter 0; nested exception is org.springframework.beans.factory.BeanCreationException: Error creating bean with name 'dataSource' defined in class path resource [com/alibaba/druid/spring/boot/autoconfigure/DruidDataSourceAutoConfigure.class]: Invocation of init method failed; nested exception is org.springframework.boot.autoconfigure.jdbc.DataSourceProperties$DataSourceBeanCreationException: Failed to determine a suitable driver class
[INFO ] 14:41:22.334 [main] o.a.catalina.core.StandardService - Stopping service [Tomcat]
[INFO ] 14:41:22.360 [main] o.s.b.a.l.ConditionEvaluationReportLoggingListener - 

Error starting ApplicationContext. To display the conditions report re-run your application with 'debug' enabled.
[ERROR] 14:41:22.368 [main] o.s.b.d.LoggingFailureAnalysisReporter - 

***************************
APPLICATION FAILED TO START
***************************

Description:

Failed to configure a DataSource: 'url' attribute is not specified and no embedded datasource could be configured.

Reason: Failed to determine a suitable driver class


Action:

Consider the following:
	If you want an embedded database (H2, HSQL or Derby), please put it on the classpath.
	If you have database settings to be loaded from a particular profile you may need to activate it (no profiles are currently active).

[INFO ] 14:43:03.888 [main] o.s.c.s.PostProcessorRegistrationDelegate$BeanPostProcessorChecker - Bean 'configurationPropertiesRebinderAutoConfiguration' of type [org.springframework.cloud.autoconfigure.ConfigurationPropertiesRebinderAutoConfiguration$$EnhancerBySpringCGLIB$$8027dc5] is not eligible for getting processed by all BeanPostProcessors (for example: not eligible for auto-proxying)
[INFO ] 14:43:14.116 [main] c.c.w.s.WorkerIdServerApplication - The following profiles are active: dev
[INFO ] 14:43:15.120 [main] o.s.cloud.context.scope.GenericScope - BeanFactory id=41cb23e2-bccf-35b2-8f9f-8db573f98c1c
[INFO ] 14:43:15.231 [main] o.s.c.s.PostProcessorRegistrationDelegate$BeanPostProcessorChecker - Bean 'org.springframework.transaction.annotation.ProxyTransactionManagementConfiguration' of type [org.springframework.transaction.annotation.ProxyTransactionManagementConfiguration$$EnhancerBySpringCGLIB$$ebe87ac8] is not eligible for getting processed by all BeanPostProcessors (for example: not eligible for auto-proxying)
[INFO ] 14:43:15.334 [main] o.s.c.s.PostProcessorRegistrationDelegate$BeanPostProcessorChecker - Bean 'org.springframework.cloud.autoconfigure.ConfigurationPropertiesRebinderAutoConfiguration' of type [org.springframework.cloud.autoconfigure.ConfigurationPropertiesRebinderAutoConfiguration$$EnhancerBySpringCGLIB$$8027dc5] is not eligible for getting processed by all BeanPostProcessors (for example: not eligible for auto-proxying)
[INFO ] 14:43:15.648 [main] o.s.b.w.e.tomcat.TomcatWebServer - Tomcat initialized with port(s): 11112 (http)
[INFO ] 14:43:15.663 [main] o.a.coyote.http11.Http11NioProtocol - Initializing ProtocolHandler ["http-nio-11112"]
[INFO ] 14:43:15.669 [main] o.a.catalina.core.StandardService - Starting service [Tomcat]
[INFO ] 14:43:15.669 [main] o.a.catalina.core.StandardEngine - Starting Servlet Engine: Apache Tomcat/9.0.12
[INFO ] 14:43:15.676 [main] o.a.c.core.AprLifecycleListener - The APR based Apache Tomcat Native library which allows optimal performance in production environments was not found on the java.library.path: [/Users/admin/Library/Java/Extensions:/Library/Java/Extensions:/Network/Library/Java/Extensions:/System/Library/Java/Extensions:/usr/lib/java:.]
[INFO ] 14:43:15.918 [main] o.a.c.c.C.[Tomcat].[localhost].[/] - Initializing Spring embedded WebApplicationContext
[INFO ] 14:43:15.918 [main] o.s.web.context.ContextLoader - Root WebApplicationContext: initialization completed in 1785 ms
[INFO ] 14:43:15.973 [main] o.s.b.w.s.ServletRegistrationBean - Servlet dispatcherServlet mapped to [/]
[INFO ] 14:43:15.974 [main] o.s.b.w.s.ServletRegistrationBean - Servlet statViewServlet mapped to [/druid/*]
[INFO ] 14:43:15.978 [main] o.s.b.w.s.FilterRegistrationBean - Mapping filter: 'characterEncodingFilter' to: [/*]
[INFO ] 14:43:15.979 [main] o.s.b.w.s.FilterRegistrationBean - Mapping filter: 'hiddenHttpMethodFilter' to: [/*]
[INFO ] 14:43:15.979 [main] o.s.b.w.s.FilterRegistrationBean - Mapping filter: 'formContentFilter' to: [/*]
[INFO ] 14:43:15.979 [main] o.s.b.w.s.FilterRegistrationBean - Mapping filter: 'requestContextFilter' to: [/*]
[INFO ] 14:43:15.979 [main] o.s.b.w.s.FilterRegistrationBean - Mapping filter: 'webStatFilter' to urls: [/*]
[INFO ] 14:43:16.056 [main] c.a.d.s.b.a.DruidDataSourceAutoConfigure - Init DruidDataSource
[ERROR] 14:43:16.259 [main] c.a.d.pool.DruidAbstractDataSource - load exceptionSorter error : true
[INFO ] 14:43:16.561 [main] c.alibaba.druid.pool.DruidDataSource - {dataSource-1} inited
[INFO ] 14:43:17.236 [main] s.d.s.w.PropertySourcedRequestMappingHandlerMapping - Mapped URL path [/v2/api-docs] onto method [public org.springframework.http.ResponseEntity<springfox.documentation.spring.web.json.Json> springfox.documentation.swagger2.web.Swagger2Controller.getDocumentation(java.lang.String,javax.servlet.http.HttpServletRequest)]
[WARN ] 14:43:17.254 [main] c.n.c.sources.URLConfigurationSource - No URLs will be polled as dynamic configuration sources.
[INFO ] 14:43:17.254 [main] c.n.c.sources.URLConfigurationSource - To enable URLs as dynamic configuration sources, define System property archaius.configurationSource.additionalUrls or make config.properties available on classpath.
[WARN ] 14:43:17.260 [main] c.n.c.sources.URLConfigurationSource - No URLs will be polled as dynamic configuration sources.
[INFO ] 14:43:17.260 [main] c.n.c.sources.URLConfigurationSource - To enable URLs as dynamic configuration sources, define System property archaius.configurationSource.additionalUrls or make config.properties available on classpath.
[INFO ] 14:43:17.472 [main] o.s.s.c.ThreadPoolTaskExecutor - Initializing ExecutorService 'applicationTaskExecutor'
[INFO ] 14:43:18.096 [main] o.s.c.n.eureka.InstanceInfoFactory - Setting initial instance status as: STARTING
[INFO ] 14:43:18.135 [main] c.netflix.discovery.DiscoveryClient - Initializing Eureka in region us-east-1
[INFO ] 14:43:18.356 [main] c.n.d.p.DiscoveryJerseyProvider - Using JSON encoding codec LegacyJacksonJson
[INFO ] 14:43:18.356 [main] c.n.d.p.DiscoveryJerseyProvider - Using JSON decoding codec LegacyJacksonJson
[INFO ] 14:43:18.498 [main] c.n.d.p.DiscoveryJerseyProvider - Using XML encoding codec XStreamXml
[INFO ] 14:43:18.499 [main] c.n.d.p.DiscoveryJerseyProvider - Using XML decoding codec XStreamXml
[INFO ] 14:43:18.734 [main] c.n.d.s.r.aws.ConfigClusterResolver - Resolving eureka endpoints via configuration
[INFO ] 14:43:18.755 [main] c.netflix.discovery.DiscoveryClient - Disable delta property : false
[INFO ] 14:43:18.756 [main] c.netflix.discovery.DiscoveryClient - Single vip registry refresh property : null
[INFO ] 14:43:18.756 [main] c.netflix.discovery.DiscoveryClient - Force full registry fetch : false
[INFO ] 14:43:18.756 [main] c.netflix.discovery.DiscoveryClient - Application is null : false
[INFO ] 14:43:18.756 [main] c.netflix.discovery.DiscoveryClient - Registered Applications size is zero : true
[INFO ] 14:43:18.756 [main] c.netflix.discovery.DiscoveryClient - Application version is -1: true
[INFO ] 14:43:18.756 [main] c.netflix.discovery.DiscoveryClient - Getting all instance registry info from the eureka server
[INFO ] 14:43:18.957 [main] c.netflix.discovery.DiscoveryClient - The response status is 200
[INFO ] 14:43:18.960 [main] c.netflix.discovery.DiscoveryClient - Starting heartbeat executor: renew interval is: 30
[INFO ] 14:43:18.963 [main] c.n.discovery.InstanceInfoReplicator - InstanceInfoReplicator onDemand update allowed rate per min is 4
[INFO ] 14:43:18.969 [main] c.netflix.discovery.DiscoveryClient - Discovery Client initialized at timestamp 1602225798968 with initial instances count: 1
[INFO ] 14:43:18.972 [main] o.s.c.n.e.s.EurekaServiceRegistry - Registering application workerid-server with eureka with status UP
[INFO ] 14:43:18.972 [main] c.netflix.discovery.DiscoveryClient - Saw local status change event StatusChangeEvent [timestamp=1602225798972, current=UP, previous=STARTING]
[INFO ] 14:43:18.975 [DiscoveryClient-InstanceInfoReplicator-0] c.netflix.discovery.DiscoveryClient - DiscoveryClient_WORKERID-SERVER/192.168.31.72:11112: registering service...
[INFO ] 14:43:18.978 [main] s.d.s.w.p.DocumentationPluginsBootstrapper - Context refreshed
[INFO ] 14:43:19.007 [main] s.d.s.w.p.DocumentationPluginsBootstrapper - Found 1 custom documentation plugin(s)
[INFO ] 14:43:19.028 [DiscoveryClient-InstanceInfoReplicator-0] c.netflix.discovery.DiscoveryClient - DiscoveryClient_WORKERID-SERVER/192.168.31.72:11112 - registration status: 204
[INFO ] 14:43:19.058 [main] s.d.s.w.s.ApiListingReferenceScanner - Scanning for api listing references
[INFO ] 14:43:19.251 [main] o.a.coyote.http11.Http11NioProtocol - Starting ProtocolHandler ["http-nio-11112"]
[INFO ] 14:43:19.273 [main] o.a.tomcat.util.net.NioSelectorPool - Using a shared selector for servlet write/read
[INFO ] 14:43:19.292 [main] o.s.b.w.e.tomcat.TomcatWebServer - Tomcat started on port(s): 11112 (http) with context path ''
[INFO ] 14:43:19.295 [main] c.c.w.s.WorkerIdServerApplication - Started WorkerIdServerApplication in 26.202 seconds (JVM running for 32.071)
[INFO ] 14:48:18.750 [AsyncResolver-bootstrap-executor-0] c.n.d.s.r.aws.ConfigClusterResolver - Resolving eureka endpoints via configuration
[INFO ] 14:53:18.744 [AsyncResolver-bootstrap-executor-0] c.n.d.s.r.aws.ConfigClusterResolver - Resolving eureka endpoints via configuration
[INFO ] 14:58:18.739 [AsyncResolver-bootstrap-executor-0] c.n.d.s.r.aws.ConfigClusterResolver - Resolving eureka endpoints via configuration
[INFO ] 15:03:18.732 [AsyncResolver-bootstrap-executor-0] c.n.d.s.r.aws.ConfigClusterResolver - Resolving eureka endpoints via configuration
[INFO ] 15:08:18.725 [AsyncResolver-bootstrap-executor-0] c.n.d.s.r.aws.ConfigClusterResolver - Resolving eureka endpoints via configuration
[INFO ] 15:13:18.720 [AsyncResolver-bootstrap-executor-0] c.n.d.s.r.aws.ConfigClusterResolver - Resolving eureka endpoints via configuration
[INFO ] 15:18:18.714 [AsyncResolver-bootstrap-executor-0] c.n.d.s.r.aws.ConfigClusterResolver - Resolving eureka endpoints via configuration
[INFO ] 15:23:18.708 [AsyncResolver-bootstrap-executor-0] c.n.d.s.r.aws.ConfigClusterResolver - Resolving eureka endpoints via configuration
[INFO ] 15:28:18.699 [AsyncResolver-bootstrap-executor-0] c.n.d.s.r.aws.ConfigClusterResolver - Resolving eureka endpoints via configuration
[INFO ] 15:29:48.645 [Thread-58] o.s.c.n.e.s.EurekaServiceRegistry - Unregistering application workerid-server with eureka with status DOWN
[WARN ] 15:29:48.645 [Thread-58] c.netflix.discovery.DiscoveryClient - Saw local status change event StatusChangeEvent [timestamp=1602228588645, current=DOWN, previous=UP]
[INFO ] 15:29:48.646 [DiscoveryClient-InstanceInfoReplicator-0] c.netflix.discovery.DiscoveryClient - DiscoveryClient_WORKERID-SERVER/192.168.31.72:11112: registering service...
[INFO ] 15:29:48.648 [Thread-58] o.s.s.c.ThreadPoolTaskExecutor - Shutting down ExecutorService 'applicationTaskExecutor'
[INFO ] 15:29:48.651 [DiscoveryClient-InstanceInfoReplicator-0] c.netflix.discovery.DiscoveryClient - DiscoveryClient_WORKERID-SERVER/192.168.31.72:11112 - registration status: 204
[INFO ] 15:29:48.660 [Thread-58] c.alibaba.druid.pool.DruidDataSource - {dataSource-1} closed
[INFO ] 15:29:48.660 [Thread-58] c.netflix.discovery.DiscoveryClient - Shutting down DiscoveryClient ...
[WARN ] 15:29:48.664 [Thread-58] o.s.c.a.CommonAnnotationBeanPostProcessor - Destroy method on bean with name 'scopedTarget.eurekaClient' threw an exception: org.springframework.beans.factory.BeanCreationNotAllowedException: Error creating bean with name 'eurekaInstanceConfigBean': Singleton bean creation not allowed while singletons of this factory are in destruction (Do not request a bean from a BeanFactory in a destroy method implementation!)
[INFO ] 16:27:54.909 [main] o.s.c.s.PostProcessorRegistrationDelegate$BeanPostProcessorChecker - Bean 'configurationPropertiesRebinderAutoConfiguration' of type [org.springframework.cloud.autoconfigure.ConfigurationPropertiesRebinderAutoConfiguration$$EnhancerBySpringCGLIB$$a96c682a] is not eligible for getting processed by all BeanPostProcessors (for example: not eligible for auto-proxying)
[INFO ] 16:28:05.062 [main] c.c.w.s.WorkerIdServerApplication - The following profiles are active: dev
[INFO ] 16:28:06.090 [main] o.s.cloud.context.scope.GenericScope - BeanFactory id=41cb23e2-bccf-35b2-8f9f-8db573f98c1c
[INFO ] 16:28:06.210 [main] o.s.c.s.PostProcessorRegistrationDelegate$BeanPostProcessorChecker - Bean 'org.springframework.transaction.annotation.ProxyTransactionManagementConfiguration' of type [org.springframework.transaction.annotation.ProxyTransactionManagementConfiguration$$EnhancerBySpringCGLIB$$8d52652d] is not eligible for getting processed by all BeanPostProcessors (for example: not eligible for auto-proxying)
[INFO ] 16:28:06.336 [main] o.s.c.s.PostProcessorRegistrationDelegate$BeanPostProcessorChecker - Bean 'org.springframework.cloud.autoconfigure.ConfigurationPropertiesRebinderAutoConfiguration' of type [org.springframework.cloud.autoconfigure.ConfigurationPropertiesRebinderAutoConfiguration$$EnhancerBySpringCGLIB$$a96c682a] is not eligible for getting processed by all BeanPostProcessors (for example: not eligible for auto-proxying)
[INFO ] 16:28:06.674 [main] o.s.b.w.e.tomcat.TomcatWebServer - Tomcat initialized with port(s): 11112 (http)
[INFO ] 16:28:06.694 [main] o.a.coyote.http11.Http11NioProtocol - Initializing ProtocolHandler ["http-nio-11112"]
[INFO ] 16:28:06.700 [main] o.a.catalina.core.StandardService - Starting service [Tomcat]
[INFO ] 16:28:06.701 [main] o.a.catalina.core.StandardEngine - Starting Servlet Engine: Apache Tomcat/9.0.12
[INFO ] 16:28:06.709 [main] o.a.c.core.AprLifecycleListener - The APR based Apache Tomcat Native library which allows optimal performance in production environments was not found on the java.library.path: [/Users/admin/Library/Java/Extensions:/Library/Java/Extensions:/Network/Library/Java/Extensions:/System/Library/Java/Extensions:/usr/lib/java:.]
[INFO ] 16:28:06.977 [main] o.a.c.c.C.[Tomcat].[localhost].[/] - Initializing Spring embedded WebApplicationContext
[INFO ] 16:28:06.977 [main] o.s.web.context.ContextLoader - Root WebApplicationContext: initialization completed in 1895 ms
[INFO ] 16:28:07.037 [main] o.s.b.w.s.ServletRegistrationBean - Servlet dispatcherServlet mapped to [/]
[INFO ] 16:28:07.039 [main] o.s.b.w.s.ServletRegistrationBean - Servlet statViewServlet mapped to [/druid/*]
[INFO ] 16:28:07.043 [main] o.s.b.w.s.FilterRegistrationBean - Mapping filter: 'characterEncodingFilter' to: [/*]
[INFO ] 16:28:07.043 [main] o.s.b.w.s.FilterRegistrationBean - Mapping filter: 'hiddenHttpMethodFilter' to: [/*]
[INFO ] 16:28:07.043 [main] o.s.b.w.s.FilterRegistrationBean - Mapping filter: 'formContentFilter' to: [/*]
[INFO ] 16:28:07.044 [main] o.s.b.w.s.FilterRegistrationBean - Mapping filter: 'requestContextFilter' to: [/*]
[INFO ] 16:28:07.044 [main] o.s.b.w.s.FilterRegistrationBean - Mapping filter: 'webStatFilter' to urls: [/*]
[INFO ] 16:28:07.123 [main] c.a.d.s.b.a.DruidDataSourceAutoConfigure - Init DruidDataSource
[ERROR] 16:28:07.256 [main] c.a.d.pool.DruidAbstractDataSource - load exceptionSorter error : true
[INFO ] 16:28:07.537 [main] c.alibaba.druid.pool.DruidDataSource - {dataSource-1} inited
[INFO ] 16:28:08.176 [main] s.d.s.w.PropertySourcedRequestMappingHandlerMapping - Mapped URL path [/v2/api-docs] onto method [public org.springframework.http.ResponseEntity<springfox.documentation.spring.web.json.Json> springfox.documentation.swagger2.web.Swagger2Controller.getDocumentation(java.lang.String,javax.servlet.http.HttpServletRequest)]
[WARN ] 16:28:08.192 [main] c.n.c.sources.URLConfigurationSource - No URLs will be polled as dynamic configuration sources.
[INFO ] 16:28:08.192 [main] c.n.c.sources.URLConfigurationSource - To enable URLs as dynamic configuration sources, define System property archaius.configurationSource.additionalUrls or make config.properties available on classpath.
[WARN ] 16:28:08.199 [main] c.n.c.sources.URLConfigurationSource - No URLs will be polled as dynamic configuration sources.
[INFO ] 16:28:08.199 [main] c.n.c.sources.URLConfigurationSource - To enable URLs as dynamic configuration sources, define System property archaius.configurationSource.additionalUrls or make config.properties available on classpath.
[INFO ] 16:28:08.401 [main] o.s.s.c.ThreadPoolTaskExecutor - Initializing ExecutorService 'applicationTaskExecutor'
[INFO ] 16:28:09.013 [main] o.s.c.n.eureka.InstanceInfoFactory - Setting initial instance status as: STARTING
[INFO ] 16:28:09.053 [main] c.netflix.discovery.DiscoveryClient - Initializing Eureka in region us-east-1
[INFO ] 16:28:09.272 [main] c.n.d.p.DiscoveryJerseyProvider - Using JSON encoding codec LegacyJacksonJson
[INFO ] 16:28:09.272 [main] c.n.d.p.DiscoveryJerseyProvider - Using JSON decoding codec LegacyJacksonJson
[INFO ] 16:28:09.430 [main] c.n.d.p.DiscoveryJerseyProvider - Using XML encoding codec XStreamXml
[INFO ] 16:28:09.430 [main] c.n.d.p.DiscoveryJerseyProvider - Using XML decoding codec XStreamXml
[INFO ] 16:28:09.714 [main] c.n.d.s.r.aws.ConfigClusterResolver - Resolving eureka endpoints via configuration
[INFO ] 16:28:09.742 [main] c.netflix.discovery.DiscoveryClient - Disable delta property : false
[INFO ] 16:28:09.742 [main] c.netflix.discovery.DiscoveryClient - Single vip registry refresh property : null
[INFO ] 16:28:09.742 [main] c.netflix.discovery.DiscoveryClient - Force full registry fetch : false
[INFO ] 16:28:09.742 [main] c.netflix.discovery.DiscoveryClient - Application is null : false
[INFO ] 16:28:09.742 [main] c.netflix.discovery.DiscoveryClient - Registered Applications size is zero : true
[INFO ] 16:28:09.742 [main] c.netflix.discovery.DiscoveryClient - Application version is -1: true
[INFO ] 16:28:09.742 [main] c.netflix.discovery.DiscoveryClient - Getting all instance registry info from the eureka server
[INFO ] 16:28:09.977 [main] c.netflix.discovery.DiscoveryClient - The response status is 200
[INFO ] 16:28:09.979 [main] c.netflix.discovery.DiscoveryClient - Starting heartbeat executor: renew interval is: 30
[INFO ] 16:28:09.981 [main] c.n.discovery.InstanceInfoReplicator - InstanceInfoReplicator onDemand update allowed rate per min is 4
[INFO ] 16:28:09.986 [main] c.netflix.discovery.DiscoveryClient - Discovery Client initialized at timestamp 1602232089984 with initial instances count: 1
[INFO ] 16:28:09.989 [main] o.s.c.n.e.s.EurekaServiceRegistry - Registering application workerid-server with eureka with status UP
[INFO ] 16:28:09.989 [main] c.netflix.discovery.DiscoveryClient - Saw local status change event StatusChangeEvent [timestamp=1602232089989, current=UP, previous=STARTING]
[INFO ] 16:28:09.991 [DiscoveryClient-InstanceInfoReplicator-0] c.netflix.discovery.DiscoveryClient - DiscoveryClient_WORKERID-SERVER/192.168.31.72:11112: registering service...
[INFO ] 16:28:09.995 [main] s.d.s.w.p.DocumentationPluginsBootstrapper - Context refreshed
[INFO ] 16:28:10.021 [main] s.d.s.w.p.DocumentationPluginsBootstrapper - Found 1 custom documentation plugin(s)
[INFO ] 16:28:10.038 [DiscoveryClient-InstanceInfoReplicator-0] c.netflix.discovery.DiscoveryClient - DiscoveryClient_WORKERID-SERVER/192.168.31.72:11112 - registration status: 204
[INFO ] 16:28:10.067 [main] s.d.s.w.s.ApiListingReferenceScanner - Scanning for api listing references
[INFO ] 16:28:10.261 [main] o.a.coyote.http11.Http11NioProtocol - Starting ProtocolHandler ["http-nio-11112"]
[INFO ] 16:28:10.282 [main] o.a.tomcat.util.net.NioSelectorPool - Using a shared selector for servlet write/read
[INFO ] 16:28:10.301 [main] o.s.b.w.e.tomcat.TomcatWebServer - Tomcat started on port(s): 11112 (http) with context path ''
[INFO ] 16:28:10.305 [main] c.c.w.s.WorkerIdServerApplication - Started WorkerIdServerApplication in 26.182 seconds (JVM running for 32.088)
[INFO ] 16:32:12.538 [http-nio-11112-exec-1] o.a.c.c.C.[Tomcat].[localhost].[/] - Initializing Spring DispatcherServlet 'dispatcherServlet'
[INFO ] 16:32:12.538 [http-nio-11112-exec-1] o.s.web.servlet.DispatcherServlet - Initializing Servlet 'dispatcherServlet'
[INFO ] 16:32:12.552 [http-nio-11112-exec-1] o.s.web.servlet.DispatcherServlet - Completed initialization in 13 ms
[INFO ] 16:32:13.066 [http-nio-11112-exec-1] c.c.w.server.aspect.MonitorAspect - POSTURL=http://192.168.31.72:11112/api/workerId/getWorkerIdIP=192.168.31.72REQUEST=[{"appName":"id-generator-test","data":{"ip":"10.192.254.47","port":12345}}]RESPONSE={"transCode":100000,"transMessage":"","data":{"workerId":5}}TIME= 434 ms
[INFO ] 16:33:09.736 [AsyncResolver-bootstrap-executor-0] c.n.d.s.r.aws.ConfigClusterResolver - Resolving eureka endpoints via configuration
[INFO ] 16:38:09.729 [AsyncResolver-bootstrap-executor-0] c.n.d.s.r.aws.ConfigClusterResolver - Resolving eureka endpoints via configuration
[INFO ] 16:43:09.725 [AsyncResolver-bootstrap-executor-0] c.n.d.s.r.aws.ConfigClusterResolver - Resolving eureka endpoints via configuration
[INFO ] 16:48:09.719 [AsyncResolver-bootstrap-executor-0] c.n.d.s.r.aws.ConfigClusterResolver - Resolving eureka endpoints via configuration
[INFO ] 16:48:11.287 [http-nio-11112-exec-3] c.c.w.server.aspect.MonitorAspect - POSTURL=http://192.168.31.72:11112/api/workerId/getWorkerIdIP=192.168.31.72REQUEST=[{"appName":"id-generator-test","data":{"ip":"10.192.254.47","port":12345}}]RESPONSE={"transCode":100000,"transMessage":"","data":{"workerId":6}}TIME= 6 ms
[INFO ] 16:53:09.713 [AsyncResolver-bootstrap-executor-0] c.n.d.s.r.aws.ConfigClusterResolver - Resolving eureka endpoints via configuration
[INFO ] 16:57:20.253 [http-nio-11112-exec-6] c.c.w.server.service.WorkerIdService - Clear worker id, result:0
[INFO ] 16:57:20.256 [http-nio-11112-exec-6] c.c.w.server.aspect.MonitorAspect - POSTURL=http://192.168.31.72:11112/api/workerId/getWorkerIdIP=192.168.31.72REQUEST=[{"appName":"id-generator-test","data":{"ip":"10.192.254.47","port":12345}}]RESPONSE={"transCode":100000,"transMessage":"","data":{"workerId":1}}TIME= 53 ms
[INFO ] 16:58:09.706 [AsyncResolver-bootstrap-executor-0] c.n.d.s.r.aws.ConfigClusterResolver - Resolving eureka endpoints via configuration
[INFO ] 17:00:20.678 [http-nio-11112-exec-8] c.c.w.server.aspect.MonitorAspect - POSTURL=http://192.168.31.72:11112/api/workerId/getWorkerIdIP=192.168.31.72REQUEST=[{"appName":"id-generator-test","data":{"ip":"10.192.254.47","port":12345}}]RESPONSE={"transCode":100000,"transMessage":"","data":{"workerId":2}}TIME= 3 ms
[INFO ] 17:03:09.699 [AsyncResolver-bootstrap-executor-0] c.n.d.s.r.aws.ConfigClusterResolver - Resolving eureka endpoints via configuration
[INFO ] 17:03:12.647 [http-nio-11112-exec-10] c.c.w.server.aspect.MonitorAspect - POSTURL=http://192.168.31.72:11112/api/workerId/getWorkerIdIP=192.168.31.72REQUEST=[{"appName":"id-generator-test","data":{"ip":"10.192.254.47","port":12345}}]RESPONSE={"transCode":100000,"transMessage":"","data":{"workerId":3}}TIME= 2 ms
[INFO ] 17:05:13.798 [http-nio-11112-exec-2] c.c.w.server.aspect.MonitorAspect - POSTURL=http://192.168.31.72:11112/api/workerId/getWorkerIdIP=192.168.31.72REQUEST=[{"appName":"id-generator-test","data":{"ip":"10.192.254.47","port":12345}}]RESPONSE={"transCode":100000,"transMessage":"","data":{"workerId":4}}TIME= 3 ms
[INFO ] 17:08:09.691 [AsyncResolver-bootstrap-executor-0] c.n.d.s.r.aws.ConfigClusterResolver - Resolving eureka endpoints via configuration
[INFO ] 17:13:09.687 [AsyncResolver-bootstrap-executor-0] c.n.d.s.r.aws.ConfigClusterResolver - Resolving eureka endpoints via configuration
[INFO ] 17:18:09.682 [AsyncResolver-bootstrap-executor-0] c.n.d.s.r.aws.ConfigClusterResolver - Resolving eureka endpoints via configuration
[INFO ] 17:23:09.677 [AsyncResolver-bootstrap-executor-0] c.n.d.s.r.aws.ConfigClusterResolver - Resolving eureka endpoints via configuration
[INFO ] 17:28:09.671 [AsyncResolver-bootstrap-executor-0] c.n.d.s.r.aws.ConfigClusterResolver - Resolving eureka endpoints via configuration
[INFO ] 17:33:09.667 [AsyncResolver-bootstrap-executor-0] c.n.d.s.r.aws.ConfigClusterResolver - Resolving eureka endpoints via configuration
[INFO ] 17:38:09.660 [AsyncResolver-bootstrap-executor-0] c.n.d.s.r.aws.ConfigClusterResolver - Resolving eureka endpoints via configuration
[INFO ] 17:43:09.656 [AsyncResolver-bootstrap-executor-0] c.n.d.s.r.aws.ConfigClusterResolver - Resolving eureka endpoints via configuration
[INFO ] 17:48:09.647 [AsyncResolver-bootstrap-executor-0] c.n.d.s.r.aws.ConfigClusterResolver - Resolving eureka endpoints via configuration
[INFO ] 17:53:09.641 [AsyncResolver-bootstrap-executor-0] c.n.d.s.r.aws.ConfigClusterResolver - Resolving eureka endpoints via configuration
[INFO ] 17:58:09.635 [AsyncResolver-bootstrap-executor-0] c.n.d.s.r.aws.ConfigClusterResolver - Resolving eureka endpoints via configuration
[INFO ] 18:03:09.635 [AsyncResolver-bootstrap-executor-0] c.n.d.s.r.aws.ConfigClusterResolver - Resolving eureka endpoints via configuration
[INFO ] 18:08:09.629 [AsyncResolver-bootstrap-executor-0] c.n.d.s.r.aws.ConfigClusterResolver - Resolving eureka endpoints via configuration
[INFO ] 18:13:09.626 [AsyncResolver-bootstrap-executor-0] c.n.d.s.r.aws.ConfigClusterResolver - Resolving eureka endpoints via configuration
[INFO ] 18:18:09.617 [AsyncResolver-bootstrap-executor-0] c.n.d.s.r.aws.ConfigClusterResolver - Resolving eureka endpoints via configuration
[INFO ] 18:23:09.608 [AsyncResolver-bootstrap-executor-0] c.n.d.s.r.aws.ConfigClusterResolver - Resolving eureka endpoints via configuration
[INFO ] 18:28:09.608 [AsyncResolver-bootstrap-executor-0] c.n.d.s.r.aws.ConfigClusterResolver - Resolving eureka endpoints via configuration
[INFO ] 18:33:09.600 [AsyncResolver-bootstrap-executor-0] c.n.d.s.r.aws.ConfigClusterResolver - Resolving eureka endpoints via configuration
[INFO ] 18:38:09.598 [AsyncResolver-bootstrap-executor-0] c.n.d.s.r.aws.ConfigClusterResolver - Resolving eureka endpoints via configuration
[INFO ] 18:43:09.595 [AsyncResolver-bootstrap-executor-0] c.n.d.s.r.aws.ConfigClusterResolver - Resolving eureka endpoints via configuration
[INFO ] 18:48:09.586 [AsyncResolver-bootstrap-executor-0] c.n.d.s.r.aws.ConfigClusterResolver - Resolving eureka endpoints via configuration
[INFO ] 18:53:09.583 [AsyncResolver-bootstrap-executor-0] c.n.d.s.r.aws.ConfigClusterResolver - Resolving eureka endpoints via configuration
[INFO ] 18:58:09.579 [AsyncResolver-bootstrap-executor-0] c.n.d.s.r.aws.ConfigClusterResolver - Resolving eureka endpoints via configuration
[INFO ] 19:03:09.571 [AsyncResolver-bootstrap-executor-0] c.n.d.s.r.aws.ConfigClusterResolver - Resolving eureka endpoints via configuration
[INFO ] 19:08:09.567 [AsyncResolver-bootstrap-executor-0] c.n.d.s.r.aws.ConfigClusterResolver - Resolving eureka endpoints via configuration
[INFO ] 19:13:09.565 [AsyncResolver-bootstrap-executor-0] c.n.d.s.r.aws.ConfigClusterResolver - Resolving eureka endpoints via configuration
[INFO ] 19:18:09.561 [AsyncResolver-bootstrap-executor-0] c.n.d.s.r.aws.ConfigClusterResolver - Resolving eureka endpoints via configuration
[INFO ] 19:23:09.552 [AsyncResolver-bootstrap-executor-0] c.n.d.s.r.aws.ConfigClusterResolver - Resolving eureka endpoints via configuration
[INFO ] 19:28:09.549 [AsyncResolver-bootstrap-executor-0] c.n.d.s.r.aws.ConfigClusterResolver - Resolving eureka endpoints via configuration
[INFO ] 19:33:09.540 [AsyncResolver-bootstrap-executor-0] c.n.d.s.r.aws.ConfigClusterResolver - Resolving eureka endpoints via configuration
[INFO ] 19:38:09.531 [AsyncResolver-bootstrap-executor-0] c.n.d.s.r.aws.ConfigClusterResolver - Resolving eureka endpoints via configuration
[INFO ] 19:43:09.528 [AsyncResolver-bootstrap-executor-0] c.n.d.s.r.aws.ConfigClusterResolver - Resolving eureka endpoints via configuration
[INFO ] 19:48:09.524 [AsyncResolver-bootstrap-executor-0] c.n.d.s.r.aws.ConfigClusterResolver - Resolving eureka endpoints via configuration
[INFO ] 19:53:09.521 [AsyncResolver-bootstrap-executor-0] c.n.d.s.r.aws.ConfigClusterResolver - Resolving eureka endpoints via configuration
[INFO ] 19:58:09.517 [AsyncResolver-bootstrap-executor-0] c.n.d.s.r.aws.ConfigClusterResolver - Resolving eureka endpoints via configuration
[INFO ] 20:03:09.515 [AsyncResolver-bootstrap-executor-0] c.n.d.s.r.aws.ConfigClusterResolver - Resolving eureka endpoints via configuration
[INFO ] 20:08:09.507 [AsyncResolver-bootstrap-executor-0] c.n.d.s.r.aws.ConfigClusterResolver - Resolving eureka endpoints via configuration
[INFO ] 20:13:09.497 [AsyncResolver-bootstrap-executor-0] c.n.d.s.r.aws.ConfigClusterResolver - Resolving eureka endpoints via configuration
[INFO ] 20:18:09.488 [AsyncResolver-bootstrap-executor-0] c.n.d.s.r.aws.ConfigClusterResolver - Resolving eureka endpoints via configuration
[INFO ] 20:23:09.485 [AsyncResolver-bootstrap-executor-0] c.n.d.s.r.aws.ConfigClusterResolver - Resolving eureka endpoints via configuration
[INFO ] 20:28:09.482 [AsyncResolver-bootstrap-executor-0] c.n.d.s.r.aws.ConfigClusterResolver - Resolving eureka endpoints via configuration
[INFO ] 20:33:09.481 [AsyncResolver-bootstrap-executor-0] c.n.d.s.r.aws.ConfigClusterResolver - Resolving eureka endpoints via configuration
[INFO ] 20:38:09.481 [AsyncResolver-bootstrap-executor-0] c.n.d.s.r.aws.ConfigClusterResolver - Resolving eureka endpoints via configuration
[INFO ] 20:43:09.478 [AsyncResolver-bootstrap-executor-0] c.n.d.s.r.aws.ConfigClusterResolver - Resolving eureka endpoints via configuration
[INFO ] 20:48:09.475 [AsyncResolver-bootstrap-executor-0] c.n.d.s.r.aws.ConfigClusterResolver - Resolving eureka endpoints via configuration
[INFO ] 20:53:09.472 [AsyncResolver-bootstrap-executor-0] c.n.d.s.r.aws.ConfigClusterResolver - Resolving eureka endpoints via configuration
[INFO ] 20:58:09.469 [AsyncResolver-bootstrap-executor-0] c.n.d.s.r.aws.ConfigClusterResolver - Resolving eureka endpoints via configuration
[INFO ] 21:03:09.460 [AsyncResolver-bootstrap-executor-0] c.n.d.s.r.aws.ConfigClusterResolver - Resolving eureka endpoints via configuration
[INFO ] 21:08:09.455 [AsyncResolver-bootstrap-executor-0] c.n.d.s.r.aws.ConfigClusterResolver - Resolving eureka endpoints via configuration
[INFO ] 21:13:09.451 [AsyncResolver-bootstrap-executor-0] c.n.d.s.r.aws.ConfigClusterResolver - Resolving eureka endpoints via configuration
[INFO ] 21:18:09.444 [AsyncResolver-bootstrap-executor-0] c.n.d.s.r.aws.ConfigClusterResolver - Resolving eureka endpoints via configuration
[INFO ] 21:23:09.435 [AsyncResolver-bootstrap-executor-0] c.n.d.s.r.aws.ConfigClusterResolver - Resolving eureka endpoints via configuration
[INFO ] 21:28:09.431 [AsyncResolver-bootstrap-executor-0] c.n.d.s.r.aws.ConfigClusterResolver - Resolving eureka endpoints via configuration
[INFO ] 21:33:09.426 [AsyncResolver-bootstrap-executor-0] c.n.d.s.r.aws.ConfigClusterResolver - Resolving eureka endpoints via configuration
[INFO ] 21:38:09.423 [AsyncResolver-bootstrap-executor-0] c.n.d.s.r.aws.ConfigClusterResolver - Resolving eureka endpoints via configuration
[INFO ] 21:43:09.417 [AsyncResolver-bootstrap-executor-0] c.n.d.s.r.aws.ConfigClusterResolver - Resolving eureka endpoints via configuration
[INFO ] 21:48:09.408 [AsyncResolver-bootstrap-executor-0] c.n.d.s.r.aws.ConfigClusterResolver - Resolving eureka endpoints via configuration
[INFO ] 21:53:09.403 [AsyncResolver-bootstrap-executor-0] c.n.d.s.r.aws.ConfigClusterResolver - Resolving eureka endpoints via configuration
[INFO ] 21:58:09.402 [AsyncResolver-bootstrap-executor-0] c.n.d.s.r.aws.ConfigClusterResolver - Resolving eureka endpoints via configuration
[INFO ] 22:03:09.398 [AsyncResolver-bootstrap-executor-0] c.n.d.s.r.aws.ConfigClusterResolver - Resolving eureka endpoints via configuration
[INFO ] 22:08:09.389 [AsyncResolver-bootstrap-executor-0] c.n.d.s.r.aws.ConfigClusterResolver - Resolving eureka endpoints via configuration
[INFO ] 22:13:09.387 [AsyncResolver-bootstrap-executor-0] c.n.d.s.r.aws.ConfigClusterResolver - Resolving eureka endpoints via configuration
[INFO ] 22:18:09.382 [AsyncResolver-bootstrap-executor-0] c.n.d.s.r.aws.ConfigClusterResolver - Resolving eureka endpoints via configuration
[INFO ] 22:23:09.373 [AsyncResolver-bootstrap-executor-0] c.n.d.s.r.aws.ConfigClusterResolver - Resolving eureka endpoints via configuration
[INFO ] 22:28:09.371 [AsyncResolver-bootstrap-executor-0] c.n.d.s.r.aws.ConfigClusterResolver - Resolving eureka endpoints via configuration
[INFO ] 22:33:09.368 [AsyncResolver-bootstrap-executor-0] c.n.d.s.r.aws.ConfigClusterResolver - Resolving eureka endpoints via configuration
[INFO ] 22:38:09.361 [AsyncResolver-bootstrap-executor-0] c.n.d.s.r.aws.ConfigClusterResolver - Resolving eureka endpoints via configuration
[INFO ] 22:43:09.356 [AsyncResolver-bootstrap-executor-0] c.n.d.s.r.aws.ConfigClusterResolver - Resolving eureka endpoints via configuration
[INFO ] 22:48:09.352 [AsyncResolver-bootstrap-executor-0] c.n.d.s.r.aws.ConfigClusterResolver - Resolving eureka endpoints via configuration
[INFO ] 22:53:09.349 [AsyncResolver-bootstrap-executor-0] c.n.d.s.r.aws.ConfigClusterResolver - Resolving eureka endpoints via configuration
[INFO ] 22:58:09.346 [AsyncResolver-bootstrap-executor-0] c.n.d.s.r.aws.ConfigClusterResolver - Resolving eureka endpoints via configuration
[INFO ] 23:03:09.337 [AsyncResolver-bootstrap-executor-0] c.n.d.s.r.aws.ConfigClusterResolver - Resolving eureka endpoints via configuration
[INFO ] 23:08:09.334 [AsyncResolver-bootstrap-executor-0] c.n.d.s.r.aws.ConfigClusterResolver - Resolving eureka endpoints via configuration
[INFO ] 23:13:09.331 [AsyncResolver-bootstrap-executor-0] c.n.d.s.r.aws.ConfigClusterResolver - Resolving eureka endpoints via configuration
[INFO ] 23:18:09.327 [AsyncResolver-bootstrap-executor-0] c.n.d.s.r.aws.ConfigClusterResolver - Resolving eureka endpoints via configuration
[INFO ] 23:23:09.324 [AsyncResolver-bootstrap-executor-0] c.n.d.s.r.aws.ConfigClusterResolver - Resolving eureka endpoints via configuration
[INFO ] 23:28:09.321 [AsyncResolver-bootstrap-executor-0] c.n.d.s.r.aws.ConfigClusterResolver - Resolving eureka endpoints via configuration
[INFO ] 23:33:09.318 [AsyncResolver-bootstrap-executor-0] c.n.d.s.r.aws.ConfigClusterResolver - Resolving eureka endpoints via configuration
[INFO ] 23:38:09.315 [AsyncResolver-bootstrap-executor-0] c.n.d.s.r.aws.ConfigClusterResolver - Resolving eureka endpoints via configuration
[INFO ] 23:43:09.312 [AsyncResolver-bootstrap-executor-0] c.n.d.s.r.aws.ConfigClusterResolver - Resolving eureka endpoints via configuration
[INFO ] 23:48:09.308 [AsyncResolver-bootstrap-executor-0] c.n.d.s.r.aws.ConfigClusterResolver - Resolving eureka endpoints via configuration
[INFO ] 23:53:09.304 [AsyncResolver-bootstrap-executor-0] c.n.d.s.r.aws.ConfigClusterResolver - Resolving eureka endpoints via configuration
[INFO ] 23:58:09.300 [AsyncResolver-bootstrap-executor-0] c.n.d.s.r.aws.ConfigClusterResolver - Resolving eureka endpoints via configuration
